reward: 0.2636, epoch: 0, params: 2476883, epoch_time: 54.3999, genotype: [[6, [0, 0, 3, 1], [1, 0, 8, 0], [6, 2, 7, 0]], [[3, 0], [3, 1], [2, 1]]]
reward: 0.2803, epoch: 1, params: 2418643, epoch_time: 52.2319, genotype: [[10, [0, 0, 5, 5], [3, 3, 8, 0], [6, 6, 8, 9]], [[0, 1], [1, 2], [5, 2]]]
reward: 0.2677, epoch: 2, params: 2263891, epoch_time: 49.7047, genotype: [[0, [0, 0, 0, 2], [1, 0, 0, 7], [5, 5, 7, 5]], [[3, 3], [4, 3], [0, 3]]]
reward: 0.3596, epoch: 3, params: 2856403, epoch_time: 68.4369, genotype: [[1, [0, 0, 0, 6], [3, 2, 8, 6], [0, 2, 7, 1]], [[3, 0], [4, 1], [4, 4]]]
reward: 0.2399, epoch: 4, params: 2373459, epoch_time: 50.7833, genotype: [[4, [0, 0, 9, 7], [3, 2, 9, 9], [4, 2, 6, 5]], [[1, 2], [4, 1], [5, 4]]]
reward: 0.1629, epoch: 5, params: 2059731, epoch_time: 56.7113, genotype: [[3, [0, 0, 4, 3], [0, 3, 10, 8], [1, 6, 2, 4]], [[1, 3], [1, 3], [4, 5]]]
reward: 0.2646, epoch: 6, params: 2244691, epoch_time: 67.6561, genotype: [[8, [0, 0, 4, 0], [2, 2, 2, 6], [4, 0, 10, 2]], [[1, 0], [1, 3], [5, 1]]]
reward: 0.2832, epoch: 7, params: 2441299, epoch_time: 82.4031, genotype: [[2, [0, 0, 3, 5], [0, 2, 5, 4], [4, 0, 10, 7]], [[3, 0], [4, 1], [3, 1]]]
reward: 0.2711, epoch: 8, params: 2453587, epoch_time: 206.2067, genotype: [[4, [0, 0, 5, 2], [1, 1, 4, 0], [6, 1, 4, 1]], [[2, 0], [0, 1], [4, 3]]]
reward: 0.2234, epoch: 9, params: 2466643, epoch_time: 62.8257, genotype: [[4, [0, 0, 2, 1], [2, 0, 0, 6], [1, 0, 8, 7]], [[0, 2], [3, 2], [3, 5]]]
reward: 0.2159, epoch: 10, params: 2218707, epoch_time: 46.6917, genotype: [[6, [0, 0, 7, 7], [2, 2, 8, 10], [1, 5, 10, 2]], [[3, 2], [1, 4], [5, 3]]]
reward: 0.2481, epoch: 11, params: 2256979, epoch_time: 79.0568, genotype: [[4, [0, 0, 3, 8], [2, 0, 3, 10], [1, 2, 0, 6]], [[0, 2], [3, 3], [5, 0]]]
reward: 0.2476, epoch: 12, params: 2233683, epoch_time: 52.1441, genotype: [[0, [0, 0, 4, 3], [2, 3, 0, 0], [0, 5, 10, 1]], [[1, 3], [4, 3], [5, 4]]]
reward: 0.2245, epoch: 13, params: 2231635, epoch_time: 51.3467, genotype: [[0, [0, 0, 0, 0], [1, 0, 0, 1], [0, 6, 2, 10]], [[1, 2], [4, 2], [1, 0]]]
reward: 0.2977, epoch: 14, params: 2412499, epoch_time: 46.9011, genotype: [[10, [0, 0, 7, 8], [1, 2, 6, 6], [4, 3, 9, 0]], [[2, 1], [1, 1], [5, 5]]]
reward: 0.3423, epoch: 15, params: 2409043, epoch_time: 116.9773, genotype: [[0, [0, 0, 5, 6], [1, 2, 4, 9], [1, 0, 8, 10]], [[0, 0], [4, 0], [1, 0]]]
reward: 0.0758, epoch: 16, params: 2457043, epoch_time: 34.0586, genotype: [[1, [0, 0, 7, 6], [1, 2, 9, 3], [3, 3, 3, 3]], [[0, 0], [1, 4], [1, 0]]]
reward: 0.2571, epoch: 17, params: 1998035, epoch_time: 108.8490, genotype: [[7, [0, 0, 4, 8], [2, 0, 4, 9], [1, 0, 10, 10]], [[3, 0], [0, 1], [2, 1]]]
reward: 0.2441, epoch: 18, params: 2244691, epoch_time: 75.1490, genotype: [[3, [0, 0, 2, 0], [3, 2, 6, 4], [3, 1, 9, 7]], [[1, 1], [2, 4], [0, 0]]]
reward: 0.2733, epoch: 19, params: 2406355, epoch_time: 50.5616, genotype: [[7, [0, 0, 7, 6], [2, 1, 10, 0], [4, 2, 1, 9]], [[3, 1], [2, 3], [0, 4]]]
reward: 0.3453, epoch: 20, params: 2605651, epoch_time: 46.2194, genotype: [[5, [0, 0, 4, 1], [3, 3, 5, 8], [3, 0, 9, 9]], [[2, 3], [4, 2], [1, 2]]]
reward: 0.2865, epoch: 21, params: 2262483, epoch_time: 173.1162, genotype: [[0, [0, 0, 1, 0], [1, 3, 2, 3], [2, 0, 4, 4]], [[1, 0], [2, 4], [0, 5]]]
reward: 0.2825, epoch: 22, params: 2219347, epoch_time: 46.9286, genotype: [[2, [0, 0, 2, 10], [2, 3, 6, 10], [3, 0, 0, 3]], [[1, 1], [4, 4], [4, 2]]]
reward: 0.2317, epoch: 23, params: 2237139, epoch_time: 170.4952, genotype: [[4, [0, 0, 4, 0], [1, 1, 10, 8], [4, 0, 7, 1]], [[0, 1], [4, 3], [5, 0]]]
reward: 0.2395, epoch: 24, params: 2171347, epoch_time: 49.4315, genotype: [[10, [0, 0, 3, 3], [0, 1, 10, 10], [5, 1, 10, 5]], [[1, 2], [1, 0], [4, 2]]]
reward: 0.2219, epoch: 25, params: 2248787, epoch_time: 55.4646, genotype: [[2, [0, 0, 9, 2], [0, 2, 0, 3], [6, 0, 5, 0]], [[0, 1], [2, 0], [3, 2]]]
reward: 0.2244, epoch: 26, params: 2209747, epoch_time: 79.3717, genotype: [[4, [0, 0, 0, 9], [1, 1, 2, 2], [5, 4, 9, 6]], [[0, 1], [1, 2], [1, 4]]]
reward: 0.2378, epoch: 27, params: 2480339, epoch_time: 72.3698, genotype: [[1, [0, 0, 4, 3], [3, 1, 6, 2], [6, 2, 7, 3]], [[2, 2], [0, 0], [2, 3]]]
reward: 0.3399, epoch: 28, params: 2846803, epoch_time: 61.9963, genotype: [[7, [0, 0, 6, 0], [2, 3, 5, 0], [2, 0, 1, 1]], [[0, 0], [3, 2], [0, 4]]]
reward: 0.2492, epoch: 29, params: 2385107, epoch_time: 46.5286, genotype: [[7, [0, 0, 1, 2], [0, 3, 10, 9], [4, 0, 10, 5]], [[2, 1], [1, 3], [2, 1]]]
reward: 0.3047, epoch: 30, params: 2248787, epoch_time: 73.5562, genotype: [[2, [0, 0, 4, 4], [2, 2, 1, 10], [2, 1, 2, 8]], [[3, 2], [3, 3], [0, 2]]]
reward: 0.2557, epoch: 31, params: 3059155, epoch_time: 57.6177, genotype: [[6, [0, 0, 6, 3], [0, 0, 8, 6], [4, 2, 5, 1]], [[1, 1], [2, 0], [4, 1]]]
reward: 0.0758, epoch: 32, params: 2286547, epoch_time: 32.0489, genotype: [[5, [0, 0, 2, 3], [3, 3, 3, 2], [5, 3, 2, 7]], [[2, 0], [0, 1], [3, 4]]]
reward: 0.2803, epoch: 33, params: 2280275, epoch_time: 56.1258, genotype: [[3, [0, 0, 3, 0], [3, 0, 0, 0], [6, 2, 5, 2]], [[0, 0], [3, 1], [1, 3]]]
reward: 0.2114, epoch: 34, params: 2857043, epoch_time: 141.9076, genotype: [[5, [0, 0, 6, 1], [3, 1, 4, 5], [0, 4, 4, 8]], [[1, 0], [2, 1], [0, 0]]]
reward: 0.2308, epoch: 35, params: 2256339, epoch_time: 66.2139, genotype: [[9, [0, 0, 8, 2], [0, 2, 0, 3], [5, 3, 5, 3]], [[0, 2], [4, 0], [5, 2]]]
reward: 0.2472, epoch: 36, params: 2422099, epoch_time: 47.8097, genotype: [[7, [0, 0, 8, 6], [2, 3, 10, 5], [1, 0, 8, 10]], [[1, 1], [1, 2], [2, 5]]]
reward: 0.3586, epoch: 37, params: 2276179, epoch_time: 52.5040, genotype: [[8, [0, 0, 0, 8], [2, 0, 0, 0], [6, 1, 5, 7]], [[2, 2], [1, 4], [2, 0]]]
reward: 0.3302, epoch: 38, params: 2235091, epoch_time: 97.2763, genotype: [[0, [0, 0, 0, 7], [3, 2, 7, 1], [1, 3, 4, 10]], [[1, 0], [4, 3], [0, 2]]]
reward: 0.2194, epoch: 39, params: 2260435, epoch_time: 46.9403, genotype: [[8, [0, 0, 10, 1], [2, 0, 8, 8], [2, 3, 4, 7]], [[2, 3], [2, 2], [3, 5]]]
reward: 0.1836, epoch: 40, params: 2196691, epoch_time: 49.9974, genotype: [[6, [0, 0, 10, 4], [1, 2, 8, 10], [4, 5, 3, 9]], [[1, 2], [4, 2], [4, 3]]]
reward: 0.2898, epoch: 41, params: 2402899, epoch_time: 95.1479, genotype: [[6, [0, 0, 5, 9], [0, 1, 4, 9], [2, 5, 7, 0]], [[3, 0], [0, 2], [5, 1]]]
reward: 0.2598, epoch: 42, params: 2225491, epoch_time: 110.6902, genotype: [[3, [0, 0, 4, 7], [3, 2, 1, 9], [6, 6, 10, 8]], [[0, 0], [4, 3], [1, 0]]]
reward: 0.3157, epoch: 43, params: 2406995, epoch_time: 50.1300, genotype: [[5, [0, 0, 0, 10], [1, 0, 10, 5], [3, 3, 7, 0]], [[2, 3], [3, 1], [2, 0]]]
reward: 0.3582, epoch: 44, params: 2792659, epoch_time: 61.2650, genotype: [[10, [0, 0, 1, 6], [0, 2, 9, 0], [2, 6, 6, 5]], [[2, 0], [0, 3], [0, 4]]]
reward: 0.2535, epoch: 45, params: 2383699, epoch_time: 57.5475, genotype: [[0, [0, 0, 10, 5], [0, 3, 10, 1], [6, 5, 10, 8]], [[0, 2], [4, 1], [1, 4]]]
reward: 0.3560, epoch: 46, params: 2219347, epoch_time: 96.0198, genotype: [[6, [0, 0, 7, 4], [2, 0, 9, 10], [2, 3, 8, 7]], [[2, 0], [3, 4], [4, 3]]]
reward: 0.2522, epoch: 47, params: 2859859, epoch_time: 48.1161, genotype: [[5, [0, 0, 5, 5], [2, 3, 6, 2], [4, 5, 3, 7]], [[1, 2], [1, 4], [2, 2]]]
reward: 0.2482, epoch: 48, params: 2663251, epoch_time: 53.4585, genotype: [[6, [0, 0, 0, 7], [3, 0, 6, 1], [5, 1, 2, 8]], [[1, 0], [2, 2], [5, 1]]]
reward: 0.2439, epoch: 49, params: 2657107, epoch_time: 52.9509, genotype: [[7, [0, 0, 6, 2], [3, 0, 6, 2], [4, 6, 0, 5]], [[3, 2], [4, 0], [1, 1]]]
reward: 0.2455, epoch: 50, params: 2001491, epoch_time: 48.4486, genotype: [[2, [0, 0, 10, 10], [3, 1, 3, 7], [2, 5, 0, 9]], [[3, 1], [1, 0], [2, 3]]]
reward: 0.3791, epoch: 51, params: 2228947, epoch_time: 47.0491, genotype: [[7, [0, 0, 10, 7], [0, 0, 10, 8], [3, 0, 8, 5]], [[3, 1], [4, 4], [3, 4]]]
reward: 0.2267, epoch: 52, params: 2416595, epoch_time: 88.4864, genotype: [[2, [0, 0, 6, 9], [3, 1, 6, 4], [4, 3, 3, 10]], [[0, 2], [0, 0], [1, 1]]]
reward: 0.2620, epoch: 53, params: 2418643, epoch_time: 52.0987, genotype: [[10, [0, 0, 0, 8], [0, 3, 3, 6], [3, 4, 6, 10]], [[1, 1], [1, 0], [4, 4]]]
reward: 0.2661, epoch: 54, params: 2654291, epoch_time: 65.4199, genotype: [[6, [0, 0, 8, 8], [2, 2, 6, 8], [3, 2, 10, 6]], [[0, 3], [0, 2], [2, 0]]]
reward: 0.3087, epoch: 55, params: 2248787, epoch_time: 83.1404, genotype: [[5, [0, 0, 10, 4], [0, 3, 7, 0], [3, 0, 8, 2]], [[3, 1], [1, 0], [2, 0]]]
reward: 0.2427, epoch: 56, params: 2413907, epoch_time: 60.9399, genotype: [[7, [0, 0, 6, 10], [1, 3, 7, 7], [3, 2, 5, 9]], [[2, 0], [0, 2], [0, 0]]]
reward: 0.3026, epoch: 57, params: 2069971, epoch_time: 291.9941, genotype: [[4, [0, 0, 0, 4], [0, 3, 2, 4], [5, 2, 3, 4]], [[2, 0], [0, 3], [4, 4]]]
reward: 0.1969, epoch: 58, params: 2662611, epoch_time: 53.9118, genotype: [[3, [0, 0, 5, 2], [1, 3, 7, 2], [2, 5, 6, 6]], [[3, 2], [4, 1], [0, 5]]]
reward: 0.2836, epoch: 59, params: 3024211, epoch_time: 58.5737, genotype: [[6, [0, 0, 8, 9], [2, 1, 5, 5], [2, 0, 6, 6]], [[0, 3], [4, 1], [1, 2]]]
reward: 0.2400, epoch: 60, params: 2470739, epoch_time: 49.6280, genotype: [[3, [0, 0, 5, 0], [2, 2, 4, 7], [4, 0, 5, 7]], [[3, 1], [1, 3], [2, 2]]]
reward: 0.3626, epoch: 61, params: 2270035, epoch_time: 54.5682, genotype: [[1, [0, 0, 0, 0], [3, 3, 7, 7], [2, 1, 3, 4]], [[2, 1], [4, 1], [1, 1]]]
reward: 0.2795, epoch: 62, params: 2856403, epoch_time: 105.1690, genotype: [[5, [0, 0, 8, 1], [2, 0, 5, 1], [6, 0, 2, 4]], [[2, 0], [3, 4], [4, 2]]]
reward: 0.2400, epoch: 63, params: 2418643, epoch_time: 65.2131, genotype: [[5, [0, 0, 9, 6], [2, 0, 8, 0], [2, 6, 9, 3]], [[0, 1], [0, 0], [0, 4]]]
reward: 0.2982, epoch: 64, params: 2023379, epoch_time: 78.5451, genotype: [[8, [0, 0, 4, 0], [1, 3, 10, 10], [3, 4, 2, 0]], [[1, 1], [0, 3], [0, 2]]]
reward: 0.2029, epoch: 65, params: 2441299, epoch_time: 104.1071, genotype: [[8, [0, 0, 7, 5], [1, 0, 10, 7], [6, 6, 1, 4]], [[2, 0], [1, 4], [4, 1]]]
reward: 0.2980, epoch: 66, params: 2219347, epoch_time: 117.9788, genotype: [[5, [0, 0, 2, 4], [1, 3, 9, 3], [2, 2, 9, 2]], [[2, 0], [0, 0], [4, 4]]]
reward: 0.2438, epoch: 67, params: 2211795, epoch_time: 59.3016, genotype: [[0, [0, 0, 2, 0], [0, 0, 8, 10], [2, 1, 9, 6]], [[1, 0], [1, 0], [5, 4]]]
reward: 0.3601, epoch: 68, params: 2276179, epoch_time: 175.5611, genotype: [[4, [0, 0, 7, 0], [3, 0, 8, 3], [3, 1, 4, 1]], [[2, 0], [0, 3], [0, 5]]]
reward: 0.2136, epoch: 69, params: 2409043, epoch_time: 46.0205, genotype: [[0, [0, 0, 10, 9], [0, 1, 3, 6], [5, 1, 6, 0]], [[3, 1], [3, 2], [4, 4]]]
reward: 0.1969, epoch: 70, params: 2485843, epoch_time: 62.3655, genotype: [[7, [0, 0, 2, 6], [1, 1, 5, 8], [3, 2, 8, 3]], [[1, 1], [0, 4], [3, 0]]]
reward: 0.2428, epoch: 71, params: 2650835, epoch_time: 51.4559, genotype: [[0, [0, 0, 0, 5], [3, 0, 0, 0], [0, 6, 5, 5]], [[2, 1], [3, 3], [0, 3]]]
reward: 0.2354, epoch: 72, params: 2273491, epoch_time: 48.6288, genotype: [[8, [0, 0, 0, 2], [1, 1, 0, 7], [1, 5, 7, 6]], [[2, 3], [3, 2], [1, 5]]]
reward: 0.2706, epoch: 73, params: 2628307, epoch_time: 50.8494, genotype: [[2, [0, 0, 7, 9], [3, 2, 5, 5], [0, 1, 0, 5]], [[2, 3], [4, 1], [0, 2]]]
reward: 0.3371, epoch: 74, params: 2424787, epoch_time: 152.8769, genotype: [[4, [0, 0, 0, 10], [2, 3, 5, 0], [0, 0, 4, 1]], [[0, 3], [1, 4], [4, 1]]]
reward: 0.3635, epoch: 75, params: 2245331, epoch_time: 57.1439, genotype: [[0, [0, 0, 8, 7], [0, 2, 0, 10], [3, 0, 0, 6]], [[3, 0], [0, 0], [2, 2]]]
reward: 0.3488, epoch: 76, params: 2377555, epoch_time: 48.0836, genotype: [[9, [0, 0, 0, 9], [0, 3, 5, 10], [1, 3, 6, 2]], [[2, 3], [3, 1], [0, 4]]]
reward: 0.2891, epoch: 77, params: 2404947, epoch_time: 97.3784, genotype: [[10, [0, 0, 6, 6], [2, 3, 0, 8], [5, 0, 4, 10]], [[2, 0], [3, 4], [1, 5]]]
reward: 0.2575, epoch: 78, params: 2796755, epoch_time: 51.1617, genotype: [[1, [0, 0, 0, 1], [2, 2, 1, 10], [3, 4, 9, 5]], [[0, 2], [1, 2], [2, 2]]]
reward: 0.2671, epoch: 79, params: 2044627, epoch_time: 77.9234, genotype: [[10, [0, 0, 4, 7], [1, 1, 4, 0], [3, 6, 0, 8]], [[3, 2], [3, 1], [5, 0]]]
reward: 0.2534, epoch: 80, params: 2449491, epoch_time: 62.5797, genotype: [[9, [0, 0, 3, 5], [3, 2, 3, 8], [6, 2, 5, 0]], [[0, 0], [1, 1], [4, 5]]]
reward: 0.2420, epoch: 81, params: 2177491, epoch_time: 52.6337, genotype: [[10, [0, 0, 6, 10], [3, 3, 4, 0], [6, 1, 10, 4]], [[1, 2], [4, 3], [1, 2]]]
reward: 0.2764, epoch: 82, params: 2609747, epoch_time: 56.2005, genotype: [[8, [0, 0, 10, 6], [0, 3, 10, 5], [6, 0, 0, 5]], [[1, 3], [0, 1], [0, 1]]]
reward: 0.2558, epoch: 83, params: 2025427, epoch_time: 45.7516, genotype: [[0, [0, 0, 0, 9], [0, 1, 8, 9], [2, 3, 8, 0]], [[2, 3], [4, 1], [2, 2]]]
reward: 0.2796, epoch: 84, params: 2418643, epoch_time: 62.1203, genotype: [[8, [0, 0, 9, 8], [0, 2, 5, 9], [4, 6, 1, 0]], [[3, 0], [2, 4], [4, 0]]]
reward: 0.2586, epoch: 85, params: 2038483, epoch_time: 61.0502, genotype: [[8, [0, 0, 0, 2], [3, 0, 3, 10], [0, 2, 3, 9]], [[3, 0], [0, 1], [5, 3]]]
reward: 0.2438, epoch: 86, params: 2216531, epoch_time: 79.2358, genotype: [[10, [0, 0, 9, 4], [0, 3, 0, 8], [2, 0, 6, 0]], [[1, 0], [3, 1], [0, 3]]]
reward: 0.2538, epoch: 87, params: 2825555, epoch_time: 53.3468, genotype: [[1, [0, 0, 0, 5], [0, 0, 10, 6], [3, 0, 2, 5]], [[1, 3], [3, 0], [1, 3]]]
reward: 0.2200, epoch: 88, params: 2611155, epoch_time: 49.5823, genotype: [[8, [0, 0, 8, 6], [1, 1, 10, 1], [2, 3, 6, 9]], [[2, 1], [4, 4], [5, 4]]]
reward: 0.2300, epoch: 89, params: 2237139, epoch_time: 48.6137, genotype: [[4, [0, 0, 0, 6], [0, 0, 3, 10], [1, 2, 0, 7]], [[3, 1], [3, 2], [4, 5]]]
reward: 0.3274, epoch: 90, params: 2455635, epoch_time: 99.1728, genotype: [[1, [0, 0, 0, 4], [0, 1, 8, 6], [4, 0, 0, 0]], [[3, 0], [2, 4], [5, 2]]]
reward: 0.3124, epoch: 91, params: 2237139, epoch_time: 54.5422, genotype: [[0, [0, 0, 9, 8], [1, 2, 7, 0], [6, 1, 5, 0]], [[2, 3], [4, 0], [5, 4]]]
reward: 0.2929, epoch: 92, params: 2254931, epoch_time: 54.6237, genotype: [[0, [0, 0, 0, 8], [1, 1, 9, 5], [2, 1, 8, 2]], [[3, 1], [0, 0], [2, 2]]]
reward: 0.2523, epoch: 93, params: 2235091, epoch_time: 62.7288, genotype: [[9, [0, 0, 8, 8], [2, 0, 7, 1], [5, 3, 8, 10]], [[2, 0], [0, 1], [5, 2]]]
reward: 0.3158, epoch: 94, params: 2212435, epoch_time: 116.9405, genotype: [[4, [0, 0, 5, 0], [2, 2, 10, 0], [2, 0, 3, 9]], [[1, 0], [0, 4], [0, 0]]]
reward: 0.0758, epoch: 95, params: 2466643, epoch_time: 33.5398, genotype: [[7, [0, 0, 0, 8], [0, 0, 6, 0], [0, 3, 2, 6]], [[2, 0], [4, 0], [0, 2]]]
reward: 0.0758, epoch: 96, params: 2663891, epoch_time: 33.4716, genotype: [[0, [0, 0, 7, 5], [0, 0, 1, 0], [4, 4, 5, 8]], [[0, 0], [2, 0], [1, 0]]]
reward: 0.1895, epoch: 97, params: 2041939, epoch_time: 63.6791, genotype: [[10, [0, 0, 7, 2], [0, 1, 3, 3], [4, 2, 10, 8]], [[0, 0], [3, 4], [4, 2]]]
reward: 0.2706, epoch: 98, params: 2126803, epoch_time: 47.0137, genotype: [[9, [0, 0, 10, 10], [3, 1, 0, 6], [2, 1, 10, 9]], [[2, 1], [2, 1], [0, 4]]]
reward: 0.2548, epoch: 99, params: 2187091, epoch_time: 48.0008, genotype: [[0, [0, 0, 8, 9], [3, 2, 0, 1], [3, 0, 10, 9]], [[2, 2], [2, 2], [5, 0]]]
reward: 0.2986, epoch: 100, params: 2818003, epoch_time: 56.7280, genotype: [[6, [0, 0, 5, 5], [3, 1, 0, 6], [1, 0, 0, 10]], [[0, 1], [4, 1], [3, 1]]]
reward: 0.2554, epoch: 101, params: 2412499, epoch_time: 55.3228, genotype: [[6, [0, 0, 10, 10], [2, 3, 7, 6], [3, 6, 8, 0]], [[2, 0], [2, 1], [2, 4]]]
reward: 0.3022, epoch: 102, params: 2247379, epoch_time: 50.5353, genotype: [[5, [0, 0, 8, 3], [3, 3, 0, 0], [2, 2, 10, 0]], [[3, 2], [4, 0], [2, 4]]]
reward: 0.0758, epoch: 103, params: 2859859, epoch_time: 39.4033, genotype: [[8, [0, 0, 5, 2], [0, 3, 1, 7], [2, 0, 1, 5]], [[0, 0], [4, 4], [4, 1]]]
reward: 0.2399, epoch: 104, params: 2611155, epoch_time: 64.7444, genotype: [[9, [0, 0, 8, 6], [0, 2, 6, 8], [6, 1, 9, 5]], [[3, 0], [4, 0], [5, 2]]]
reward: 0.3255, epoch: 105, params: 2630355, epoch_time: 85.3570, genotype: [[8, [0, 0, 10, 5], [0, 2, 1, 4], [3, 0, 1, 2]], [[1, 2], [0, 3], [4, 5]]]
reward: 0.3744, epoch: 106, params: 2280275, epoch_time: 90.5700, genotype: [[0, [0, 0, 0, 7], [0, 3, 5, 3], [0, 3, 8, 4]], [[0, 0], [3, 2], [0, 3]]]
reward: 0.2597, epoch: 107, params: 2470099, epoch_time: 52.4760, genotype: [[7, [0, 0, 5, 1], [2, 2, 3, 7], [2, 0, 7, 0]], [[3, 3], [4, 3], [0, 1]]]
reward: 0.0758, epoch: 108, params: 2482387, epoch_time: 36.9993, genotype: [[2, [0, 0, 5, 8], [0, 1, 0, 3], [3, 4, 3, 5]], [[0, 0], [3, 4], [0, 2]]]
reward: 0.2079, epoch: 109, params: 2241235, epoch_time: 80.5833, genotype: [[10, [0, 0, 0, 4], [1, 2, 1, 7], [3, 0, 8, 4]], [[1, 1], [0, 4], [2, 3]]]
reward: 0.2624, epoch: 110, params: 2454995, epoch_time: 60.7876, genotype: [[3, [0, 0, 6, 3], [3, 3, 1, 10], [3, 5, 7, 2]], [[0, 0], [3, 3], [1, 0]]]
reward: 0.3220, epoch: 111, params: 2044627, epoch_time: 89.0793, genotype: [[8, [0, 0, 0, 0], [2, 1, 10, 4], [2, 1, 7, 0]], [[1, 0], [1, 1], [0, 4]]]
reward: 0.2632, epoch: 112, params: 2272723, epoch_time: 82.0798, genotype: [[0, [0, 0, 4, 0], [1, 0, 4, 8], [4, 1, 6, 8]], [[3, 1], [4, 2], [0, 2]]]
reward: 0.3165, epoch: 113, params: 2209747, epoch_time: 46.3310, genotype: [[5, [0, 0, 7, 0], [1, 2, 0, 7], [0, 0, 10, 10]], [[2, 1], [4, 3], [2, 4]]]
reward: 0.2654, epoch: 114, params: 2441299, epoch_time: 100.3424, genotype: [[1, [0, 0, 7, 2], [2, 3, 8, 10], [2, 4, 6, 4]], [[2, 0], [4, 2], [4, 2]]]
reward: 0.2560, epoch: 115, params: 2630995, epoch_time: 52.6003, genotype: [[8, [0, 0, 0, 0], [0, 2, 6, 9], [5, 0, 6, 6]], [[0, 3], [2, 1], [3, 5]]]
reward: 0.2427, epoch: 116, params: 2635091, epoch_time: 59.4502, genotype: [[0, [0, 0, 0, 6], [0, 3, 10, 5], [2, 2, 1, 8]], [[0, 1], [1, 1], [2, 0]]]
reward: 0.1915, epoch: 117, params: 2402899, epoch_time: 96.5790, genotype: [[10, [0, 0, 0, 10], [3, 1, 6, 2], [4, 3, 4, 5]], [[0, 1], [0, 3], [5, 3]]]
reward: 0.3049, epoch: 118, params: 2621395, epoch_time: 46.4913, genotype: [[6, [0, 0, 9, 0], [0, 3, 4, 0], [4, 0, 5, 5]], [[2, 3], [3, 3], [4, 1]]]
reward: 0.2662, epoch: 119, params: 2646739, epoch_time: 101.1966, genotype: [[6, [0, 0, 4, 0], [2, 3, 0, 0], [5, 2, 1, 1]], [[3, 0], [0, 1], [4, 2]]]
reward: 0.2218, epoch: 120, params: 2574803, epoch_time: 78.5482, genotype: [[10, [0, 0, 10, 1], [1, 2, 4, 6], [2, 3, 6, 10]], [[2, 0], [2, 0], [1, 2]]]
reward: 0.2576, epoch: 121, params: 2469331, epoch_time: 141.5118, genotype: [[8, [0, 0, 4, 8], [0, 2, 0, 6], [4, 1, 5, 4]], [[2, 0], [1, 1], [0, 4]]]
reward: 0.2173, epoch: 122, params: 2476243, epoch_time: 49.4129, genotype: [[5, [0, 0, 2, 2], [3, 2, 8, 4], [3, 3, 8, 6]], [[2, 2], [3, 3], [4, 2]]]
reward: 0.2867, epoch: 123, params: 2391251, epoch_time: 54.6954, genotype: [[5, [0, 0, 10, 6], [3, 3, 7, 10], [1, 5, 8, 10]], [[2, 0], [0, 1], [3, 2]]]
reward: 0.2959, epoch: 124, params: 2441939, epoch_time: 52.8944, genotype: [[6, [0, 0, 0, 8], [3, 0, 0, 1], [5, 6, 10, 7]], [[2, 3], [1, 1], [0, 3]]]
reward: 0.1769, epoch: 125, params: 2076883, epoch_time: 51.7436, genotype: [[4, [0, 0, 7, 0], [0, 2, 8, 7], [2, 5, 4, 7]], [[3, 3], [4, 1], [2, 1]]]
reward: 0.2666, epoch: 126, params: 2028883, epoch_time: 51.7188, genotype: [[2, [0, 0, 8, 0], [2, 1, 8, 10], [2, 2, 9, 0]], [[2, 3], [4, 1], [0, 1]]]
reward: 0.2886, epoch: 127, params: 2428883, epoch_time: 55.1581, genotype: [[0, [0, 0, 1, 9], [1, 3, 0, 0], [6, 4, 6, 0]], [[1, 0], [3, 1], [0, 2]]]
reward: 0.2443, epoch: 128, params: 2461139, epoch_time: 61.4652, genotype: [[0, [0, 0, 0, 1], [1, 2, 0, 7], [0, 6, 2, 1]], [[1, 1], [0, 1], [0, 0]]]
reward: 0.2584, epoch: 129, params: 2381651, epoch_time: 57.3398, genotype: [[6, [0, 0, 9, 10], [3, 3, 10, 0], [0, 5, 2, 1]], [[3, 0], [0, 1], [0, 2]]]
reward: 0.1593, epoch: 130, params: 2462547, epoch_time: 80.8873, genotype: [[3, [0, 0, 1, 7], [3, 2, 0, 4], [2, 5, 5, 7]], [[3, 0], [3, 3], [4, 5]]]
reward: 0.2308, epoch: 131, params: 2430291, epoch_time: 113.7241, genotype: [[0, [0, 0, 0, 5], [3, 3, 5, 8], [6, 3, 9, 4]], [[0, 1], [0, 4], [3, 5]]]
reward: 0.2587, epoch: 132, params: 2860499, epoch_time: 57.7255, genotype: [[7, [0, 0, 8, 6], [1, 3, 1, 5], [2, 2, 5, 0]], [[3, 2], [0, 0], [1, 3]]]
reward: 0.2367, epoch: 133, params: 2827603, epoch_time: 54.9673, genotype: [[9, [0, 0, 3, 0], [0, 3, 5, 5], [4, 1, 5, 5]], [[2, 1], [4, 4], [1, 0]]]
reward: 0.2871, epoch: 134, params: 2399443, epoch_time: 67.3758, genotype: [[0, [0, 0, 9, 4], [2, 2, 1, 10], [2, 2, 0, 6]], [[1, 1], [4, 1], [0, 3]]]
reward: 0.2776, epoch: 135, params: 2212435, epoch_time: 66.6810, genotype: [[10, [0, 0, 4, 8], [3, 3, 5, 0], [3, 1, 0, 10]], [[1, 1], [1, 4], [3, 0]]]
reward: 0.2605, epoch: 136, params: 2058323, epoch_time: 60.3641, genotype: [[0, [0, 0, 8, 10], [1, 0, 2, 0], [2, 5, 0, 3]], [[0, 1], [0, 2], [3, 0]]]
reward: 0.2391, epoch: 137, params: 2638547, epoch_time: 46.9574, genotype: [[5, [0, 0, 0, 10], [3, 2, 5, 5], [2, 5, 2, 3]], [[1, 1], [2, 3], [2, 2]]]
reward: 0.2416, epoch: 138, params: 2374099, epoch_time: 112.2945, genotype: [[4, [0, 0, 6, 9], [3, 3, 9, 1], [2, 0, 0, 9]], [[0, 1], [0, 4], [0, 4]]]
reward: 0.1942, epoch: 139, params: 2620755, epoch_time: 46.9219, genotype: [[5, [0, 0, 6, 4], [0, 2, 4, 5], [2, 0, 2, 10]], [[2, 2], [4, 2], [5, 5]]]
reward: 0.2467, epoch: 140, params: 2282323, epoch_time: 274.4122, genotype: [[3, [0, 0, 4, 8], [3, 2, 4, 4], [2, 2, 5, 8]], [[0, 0], [4, 0], [0, 1]]]
reward: 0.2109, epoch: 141, params: 2250835, epoch_time: 101.2942, genotype: [[9, [0, 0, 3, 8], [2, 1, 4, 0], [3, 2, 5, 7]], [[3, 0], [4, 3], [4, 2]]]
reward: 0.2352, epoch: 142, params: 2161107, epoch_time: 44.0863, genotype: [[8, [0, 0, 7, 9], [0, 3, 9, 1], [6, 0, 10, 9]], [[2, 3], [4, 4], [5, 2]]]
reward: 0.2239, epoch: 143, params: 2279635, epoch_time: 64.4100, genotype: [[3, [0, 0, 0, 8], [0, 1, 0, 7], [2, 3, 5, 2]], [[3, 0], [2, 4], [4, 3]]]
reward: 0.2842, epoch: 144, params: 2022739, epoch_time: 49.1680, genotype: [[9, [0, 0, 2, 7], [0, 1, 4, 10], [3, 1, 0, 8]], [[3, 1], [4, 4], [2, 2]]]
reward: 0.2346, epoch: 145, params: 2619347, epoch_time: 54.0635, genotype: [[5, [0, 0, 8, 9], [2, 3, 10, 5], [5, 0, 5, 3]], [[3, 1], [1, 0], [3, 1]]]
reward: 0.3023, epoch: 146, params: 2409043, epoch_time: 81.0528, genotype: [[6, [0, 0, 8, 1], [3, 2, 0, 4], [3, 1, 10, 10]], [[3, 1], [3, 0], [4, 0]]]
reward: 0.2749, epoch: 147, params: 2842707, epoch_time: 47.1854, genotype: [[5, [0, 0, 5, 0], [1, 0, 6, 2], [4, 0, 0, 5]], [[2, 3], [1, 3], [4, 5]]]
reward: 0.2714, epoch: 148, params: 2028883, epoch_time: 63.7181, genotype: [[9, [0, 0, 4, 0], [2, 3, 10, 2], [2, 5, 3, 3]], [[2, 2], [1, 4], [0, 4]]]
reward: 0.3162, epoch: 149, params: 2634451, epoch_time: 57.8119, genotype: [[0, [0, 0, 2, 8], [2, 1, 10, 6], [3, 1, 6, 6]], [[1, 0], [3, 1], [4, 2]]]
reward: 0.1886, epoch: 150, params: 2424787, epoch_time: 67.1654, genotype: [[6, [0, 0, 4, 6], [0, 2, 0, 10], [0, 0, 0, 0]], [[2, 1], [4, 1], [0, 1]]]
reward: 0.2540, epoch: 151, params: 2194643, epoch_time: 48.3972, genotype: [[7, [0, 0, 9, 9], [0, 1, 1, 3], [6, 2, 10, 0]], [[3, 3], [3, 0], [3, 3]]]
reward: 0.2705, epoch: 152, params: 1998035, epoch_time: 49.8071, genotype: [[0, [0, 0, 9, 9], [2, 3, 8, 0], [2, 1, 2, 10]], [[1, 3], [0, 1], [3, 1]]]
reward: 0.2530, epoch: 153, params: 2632403, epoch_time: 50.6382, genotype: [[0, [0, 0, 5, 10], [3, 0, 7, 1], [6, 4, 6, 7]], [[2, 3], [0, 3], [3, 3]]]
reward: 0.2664, epoch: 154, params: 2450899, epoch_time: 68.0983, genotype: [[7, [0, 0, 8, 6], [2, 0, 10, 8], [3, 0, 5, 2]], [[3, 0], [0, 1], [0, 5]]]
reward: 0.2592, epoch: 155, params: 2654291, epoch_time: 49.4128, genotype: [[6, [0, 0, 7, 4], [2, 1, 0, 1], [4, 3, 6, 0]], [[2, 1], [3, 3], [1, 2]]]
reward: 0.2702, epoch: 156, params: 2067923, epoch_time: 66.1070, genotype: [[4, [0, 0, 3, 9], [0, 1, 0, 3], [3, 2, 7, 8]], [[2, 3], [3, 0], [3, 1]]]
reward: 0.2178, epoch: 157, params: 2374099, epoch_time: 66.3451, genotype: [[5, [0, 0, 10, 4], [2, 2, 5, 0], [4, 0, 9, 9]], [[0, 1], [1, 2], [5, 5]]]
reward: 0.1877, epoch: 158, params: 2406995, epoch_time: 97.8965, genotype: [[5, [0, 0, 0, 6], [0, 2, 9, 10], [0, 2, 4, 2]], [[0, 0], [2, 1], [0, 0]]]
reward: 0.1951, epoch: 159, params: 1939795, epoch_time: 50.8178, genotype: [[9, [0, 0, 0, 10], [3, 3, 9, 8], [4, 0, 9, 10]], [[1, 0], [0, 2], [2, 5]]]
reward: 0.2594, epoch: 160, params: 2235091, epoch_time: 61.5567, genotype: [[0, [0, 0, 2, 10], [2, 3, 5, 7], [5, 0, 0, 0]], [[3, 0], [0, 0], [4, 2]]]
reward: 0.2360, epoch: 161, params: 2191187, epoch_time: 48.2338, genotype: [[10, [0, 0, 8, 9], [0, 2, 0, 0], [2, 3, 9, 5]], [[3, 3], [3, 3], [0, 3]]]
reward: 0.2149, epoch: 162, params: 2260435, epoch_time: 69.5375, genotype: [[0, [0, 0, 2, 4], [0, 1, 0, 1], [3, 1, 2, 0]], [[3, 1], [1, 1], [0, 4]]]
reward: 0.2072, epoch: 163, params: 2626899, epoch_time: 124.8882, genotype: [[1, [0, 0, 0, 10], [1, 3, 6, 4], [4, 5, 8, 5]], [[2, 0], [4, 4], [5, 0]]]
reward: 0.2871, epoch: 164, params: 2213843, epoch_time: 65.5994, genotype: [[2, [0, 0, 10, 9], [3, 0, 0, 2], [3, 4, 1, 4]], [[2, 3], [1, 1], [1, 0]]]
reward: 0.2831, epoch: 165, params: 2050771, epoch_time: 49.2124, genotype: [[0, [0, 0, 8, 0], [2, 2, 0, 8], [4, 1, 0, 9]], [[2, 2], [4, 0], [4, 2]]]
reward: 0.2780, epoch: 166, params: 2640595, epoch_time: 120.4875, genotype: [[5, [0, 0, 5, 8], [3, 2, 4, 10], [0, 3, 5, 8]], [[3, 0], [4, 2], [4, 0]]]
reward: 0.2611, epoch: 167, params: 2642003, epoch_time: 59.8720, genotype: [[2, [0, 0, 5, 2], [0, 1, 9, 3], [3, 0, 6, 1]], [[3, 0], [2, 1], [0, 2]]]
reward: 0.2763, epoch: 168, params: 2229587, epoch_time: 46.8110, genotype: [[7, [0, 0, 8, 5], [3, 1, 0, 9], [4, 0, 3, 10]], [[3, 3], [2, 2], [1, 1]]]
reward: 0.2370, epoch: 169, params: 1999443, epoch_time: 95.9495, genotype: [[8, [0, 0, 7, 4], [2, 2, 10, 10], [2, 4, 8, 9]], [[2, 0], [4, 1], [1, 5]]]
reward: 0.3709, epoch: 170, params: 1990483, epoch_time: 89.6154, genotype: [[4, [0, 0, 0, 8], [2, 0, 9, 0], [5, 3, 10, 9]], [[3, 0], [3, 4], [3, 4]]]
reward: 0.2221, epoch: 171, params: 2862547, epoch_time: 65.4693, genotype: [[4, [0, 0, 8, 1], [2, 3, 3, 1], [4, 1, 5, 5]], [[2, 3], [4, 3], [0, 2]]]
reward: 0.2776, epoch: 172, params: 2470099, epoch_time: 53.5094, genotype: [[8, [0, 0, 1, 6], [3, 2, 0, 2], [0, 0, 2, 7]], [[3, 3], [3, 1], [4, 0]]]
reward: 0.3423, epoch: 173, params: 2412499, epoch_time: 62.0176, genotype: [[5, [0, 0, 5, 2], [1, 1, 8, 9], [3, 6, 4, 10]], [[3, 3], [4, 0], [3, 2]]]
reward: 0.2405, epoch: 174, params: 2601555, epoch_time: 64.3364, genotype: [[1, [0, 0, 5, 5], [3, 1, 0, 10], [2, 1, 10, 8]], [[3, 0], [1, 4], [5, 0]]]
reward: 0.2692, epoch: 175, params: 2412499, epoch_time: 52.9006, genotype: [[8, [0, 0, 10, 0], [3, 3, 10, 2], [3, 5, 6, 1]], [[3, 1], [4, 1], [0, 2]]]
reward: 0.1499, epoch: 176, params: 2418643, epoch_time: 48.3031, genotype: [[6, [0, 0, 10, 3], [1, 1, 10, 8], [3, 0, 0, 6]], [[1, 1], [1, 4], [3, 4]]]
reward: 0.2565, epoch: 177, params: 2457683, epoch_time: 83.5274, genotype: [[7, [0, 0, 1, 4], [1, 3, 5, 0], [3, 0, 0, 0]], [[2, 1], [0, 1], [3, 0]]]
reward: 0.2705, epoch: 178, params: 2208339, epoch_time: 206.6614, genotype: [[4, [0, 0, 10, 5], [2, 2, 4, 4], [3, 0, 3, 9]], [[2, 0], [4, 1], [1, 5]]]
reward: 0.3026, epoch: 179, params: 2424787, epoch_time: 61.3784, genotype: [[0, [0, 0, 4, 5], [0, 2, 6, 10], [4, 0, 0, 0]], [[2, 3], [0, 4], [3, 3]]]
reward: 0.2260, epoch: 180, params: 2102867, epoch_time: 61.0035, genotype: [[0, [0, 0, 8, 2], [3, 1, 8, 0], [3, 2, 8, 8]], [[2, 0], [0, 2], [1, 2]]]
reward: 0.2413, epoch: 181, params: 2574163, epoch_time: 45.0940, genotype: [[5, [0, 0, 5, 5], [1, 0, 9, 9], [0, 0, 9, 7]], [[3, 3], [3, 3], [5, 2]]]
reward: 0.3046, epoch: 182, params: 2437843, epoch_time: 55.6390, genotype: [[1, [0, 0, 7, 0], [1, 2, 9, 8], [4, 5, 6, 0]], [[2, 0], [3, 2], [4, 3]]]
reward: 0.2102, epoch: 183, params: 2402899, epoch_time: 53.1219, genotype: [[5, [0, 0, 9, 4], [3, 1, 10, 1], [5, 0, 7, 0]], [[3, 1], [4, 4], [4, 1]]]
reward: 0.2529, epoch: 184, params: 2185043, epoch_time: 50.1844, genotype: [[10, [0, 0, 0, 7], [0, 2, 10, 10], [6, 2, 0, 1]], [[1, 2], [2, 1], [0, 2]]]
reward: 0.2867, epoch: 185, params: 2247379, epoch_time: 58.3723, genotype: [[5, [0, 0, 0, 8], [1, 1, 9, 0], [2, 1, 0, 8]], [[0, 1], [3, 3], [4, 4]]]
reward: 0.2494, epoch: 186, params: 2244691, epoch_time: 101.7953, genotype: [[9, [0, 0, 7, 2], [1, 3, 8, 0], [5, 4, 4, 5]], [[1, 0], [4, 1], [4, 2]]]
reward: 0.2929, epoch: 187, params: 2472787, epoch_time: 48.6975, genotype: [[8, [0, 0, 5, 8], [2, 3, 4, 7], [4, 1, 1, 0]], [[2, 2], [4, 3], [3, 1]]]
reward: 0.3704, epoch: 188, params: 2456403, epoch_time: 65.5283, genotype: [[2, [0, 0, 6, 7], [2, 0, 0, 2], [6, 6, 6, 0]], [[0, 2], [0, 1], [5, 4]]]
reward: 0.3610, epoch: 189, params: 2090579, epoch_time: 64.2273, genotype: [[7, [0, 0, 2, 3], [2, 0, 2, 0], [6, 0, 8, 4]], [[3, 3], [3, 3], [2, 0]]]
reward: 0.2997, epoch: 190, params: 2383059, epoch_time: 62.6979, genotype: [[5, [0, 0, 9, 7], [0, 0, 6, 10], [1, 1, 9, 8]], [[2, 0], [4, 0], [4, 5]]]
reward: 0.2615, epoch: 191, params: 2211795, epoch_time: 48.6508, genotype: [[9, [0, 0, 0, 0], [2, 3, 5, 2], [5, 0, 10, 8]], [[2, 3], [4, 4], [0, 5]]]
reward: 0.2781, epoch: 192, params: 2212435, epoch_time: 55.6074, genotype: [[0, [0, 0, 10, 9], [2, 3, 5, 0], [1, 5, 8, 0]], [[2, 3], [2, 0], [5, 0]]]
reward: 0.2481, epoch: 193, params: 2399443, epoch_time: 57.3809, genotype: [[0, [0, 0, 1, 9], [3, 1, 0, 0], [1, 4, 1, 10]], [[3, 0], [0, 3], [4, 1]]]
reward: 0.2252, epoch: 194, params: 2248787, epoch_time: 65.8918, genotype: [[4, [0, 0, 6, 0], [2, 1, 7, 7], [3, 2, 9, 8]], [[2, 3], [1, 0], [2, 2]]]
reward: 0.2923, epoch: 195, params: 2241235, epoch_time: 56.3603, genotype: [[0, [0, 0, 7, 6], [2, 2, 10, 0], [0, 0, 0, 8]], [[0, 1], [3, 4], [1, 1]]]
reward: 0.2416, epoch: 196, params: 2050131, epoch_time: 47.4499, genotype: [[0, [0, 0, 10, 0], [1, 3, 8, 8], [3, 1, 0, 2]], [[3, 3], [2, 4], [4, 5]]]
reward: 0.2706, epoch: 197, params: 2473427, epoch_time: 61.0100, genotype: [[3, [0, 0, 5, 8], [2, 0, 5, 0], [3, 5, 0, 0]], [[2, 2], [3, 0], [0, 1]]]
reward: 0.2431, epoch: 198, params: 2263891, epoch_time: 79.6503, genotype: [[4, [0, 0, 6, 0], [1, 1, 7, 2], [4, 0, 0, 7]], [[3, 3], [0, 2], [4, 0]]]
reward: 0.1973, epoch: 199, params: 2657747, epoch_time: 67.7059, genotype: [[1, [0, 0, 4, 7], [2, 3, 5, 7], [2, 2, 0, 5]], [[2, 3], [2, 1], [3, 0]]]
reward: 0.2839, epoch: 200, params: 2439891, epoch_time: 60.1336, genotype: [[5, [0, 0, 8, 8], [0, 2, 0, 0], [2, 0, 1, 9]], [[0, 0], [2, 3], [4, 5]]]
reward: 0.2428, epoch: 201, params: 2646739, epoch_time: 59.3143, genotype: [[6, [0, 0, 0, 5], [2, 0, 0, 0], [3, 0, 6, 0]], [[0, 3], [4, 4], [2, 3]]]
reward: 0.2669, epoch: 202, params: 2441939, epoch_time: 63.6254, genotype: [[0, [0, 0, 7, 8], [3, 0, 10, 5], [1, 0, 5, 0]], [[3, 0], [0, 3], [3, 0]]]
reward: 0.2340, epoch: 203, params: 2044627, epoch_time: 74.4201, genotype: [[0, [0, 0, 8, 7], [2, 1, 4, 4], [6, 6, 9, 0]], [[2, 2], [0, 3], [4, 3]]]
reward: 0.1861, epoch: 204, params: 1954899, epoch_time: 45.7572, genotype: [[10, [0, 0, 0, 0], [1, 3, 10, 9], [1, 1, 7, 9]], [[1, 3], [4, 3], [1, 5]]]
reward: 0.2384, epoch: 205, params: 2044627, epoch_time: 48.3858, genotype: [[0, [0, 0, 2, 9], [3, 0, 4, 8], [2, 0, 0, 0]], [[2, 3], [3, 2], [5, 1]]]
reward: 0.3083, epoch: 206, params: 2605651, epoch_time: 48.1438, genotype: [[5, [0, 0, 10, 8], [2, 1, 6, 9], [0, 4, 0, 6]], [[2, 1], [4, 1], [1, 1]]]
reward: 0.3396, epoch: 207, params: 2244691, epoch_time: 53.8204, genotype: [[5, [0, 0, 8, 0], [1, 1, 4, 9], [3, 3, 2, 2]], [[2, 1], [3, 1], [5, 1]]]
reward: 0.2238, epoch: 208, params: 2843347, epoch_time: 47.7947, genotype: [[0, [0, 0, 1, 1], [0, 0, 0, 6], [2, 6, 0, 6]], [[3, 3], [2, 4], [4, 3]]]
reward: 0.2624, epoch: 209, params: 2467283, epoch_time: 82.8732, genotype: [[0, [0, 0, 7, 1], [3, 2, 1, 4], [3, 0, 3, 0]], [[3, 2], [3, 0], [0, 1]]]
reward: 0.2996, epoch: 210, params: 2431699, epoch_time: 55.8667, genotype: [[10, [0, 0, 7, 5], [0, 1, 6, 7], [4, 3, 0, 0]], [[2, 0], [3, 2], [0, 5]]]
reward: 0.2822, epoch: 211, params: 2260435, epoch_time: 80.1811, genotype: [[0, [0, 0, 5, 7], [0, 2, 0, 0], [3, 1, 2, 4]], [[2, 0], [4, 3], [3, 2]]]
reward: 0.2857, epoch: 212, params: 2035027, epoch_time: 58.1564, genotype: [[9, [0, 0, 8, 8], [2, 3, 0, 0], [6, 6, 8, 10]], [[2, 1], [0, 4], [4, 0]]]
reward: 0.3124, epoch: 213, params: 3044051, epoch_time: 55.5494, genotype: [[6, [0, 0, 5, 5], [2, 2, 0, 6], [2, 3, 6, 0]], [[3, 0], [3, 1], [2, 1]]]
reward: 0.1900, epoch: 214, params: 2254291, epoch_time: 116.9863, genotype: [[7, [0, 0, 8, 5], [3, 3, 4, 8], [3, 0, 7, 9]], [[0, 0], [0, 3], [5, 1]]]
reward: 0.2556, epoch: 215, params: 2198099, epoch_time: 59.3687, genotype: [[10, [0, 0, 2, 10], [2, 3, 7, 9], [4, 3, 8, 5]], [[0, 3], [2, 0], [0, 3]]]
reward: 0.2714, epoch: 216, params: 2241235, epoch_time: 56.5955, genotype: [[7, [0, 0, 0, 0], [1, 2, 5, 3], [4, 0, 9, 0]], [[2, 0], [3, 4], [2, 1]]]
reward: 0.2161, epoch: 217, params: 2463827, epoch_time: 93.6551, genotype: [[4, [0, 0, 6, 4], [2, 2, 0, 5], [2, 3, 8, 4]], [[2, 1], [3, 2], [0, 2]]]
reward: 0.2351, epoch: 218, params: 2251475, epoch_time: 67.9789, genotype: [[8, [0, 0, 0, 4], [3, 1, 0, 6], [4, 1, 8, 10]], [[2, 1], [2, 0], [1, 2]]]
reward: 0.2353, epoch: 219, params: 2852947, epoch_time: 108.5817, genotype: [[1, [0, 0, 6, 4], [3, 3, 5, 8], [4, 2, 0, 5]], [[1, 0], [4, 3], [4, 2]]]
reward: 0.2397, epoch: 220, params: 2374099, epoch_time: 55.4266, genotype: [[4, [0, 0, 5, 9], [3, 3, 10, 10], [2, 0, 6, 4]], [[2, 1], [1, 3], [5, 1]]]
reward: 0.2863, epoch: 221, params: 2019283, epoch_time: 58.0290, genotype: [[0, [0, 0, 10, 8], [3, 0, 0, 10], [3, 4, 0, 7]], [[2, 0], [0, 2], [2, 5]]]
reward: 0.2228, epoch: 222, params: 2376915, epoch_time: 61.8951, genotype: [[10, [0, 0, 10, 5], [3, 0, 10, 7], [0, 4, 2, 5]], [[2, 0], [4, 1], [4, 5]]]
reward: 0.2147, epoch: 223, params: 2377555, epoch_time: 58.8328, genotype: [[0, [0, 0, 9, 7], [3, 2, 5, 5], [1, 1, 9, 10]], [[2, 0], [4, 1], [0, 1]]]
reward: 0.2652, epoch: 224, params: 2628307, epoch_time: 61.0098, genotype: [[6, [0, 0, 1, 5], [0, 3, 10, 2], [3, 5, 7, 0]], [[2, 0], [4, 0], [1, 2]]]
reward: 0.2728, epoch: 225, params: 2802259, epoch_time: 50.7977, genotype: [[5, [0, 0, 9, 6], [1, 0, 8, 9], [3, 0, 6, 1]], [[3, 2], [3, 4], [4, 0]]]
reward: 0.1997, epoch: 226, params: 2630995, epoch_time: 113.8289, genotype: [[0, [0, 0, 9, 4], [0, 0, 5, 6], [2, 1, 6, 3]], [[0, 1], [0, 2], [0, 4]]]
reward: 0.3561, epoch: 227, params: 2210387, epoch_time: 54.3716, genotype: [[0, [0, 0, 9, 10], [2, 1, 5, 0], [6, 5, 0, 7]], [[3, 0], [1, 1], [1, 0]]]
reward: 0.2844, epoch: 228, params: 2852947, epoch_time: 48.9275, genotype: [[1, [0, 0, 5, 5], [1, 0, 0, 5], [0, 1, 8, 0]], [[3, 2], [4, 1], [1, 1]]]
reward: 0.3114, epoch: 229, params: 1987795, epoch_time: 46.3759, genotype: [[9, [0, 0, 7, 2], [2, 1, 0, 9], [3, 3, 10, 0]], [[2, 1], [4, 1], [2, 1]]]
reward: 0.2325, epoch: 230, params: 2020691, epoch_time: 50.5538, genotype: [[0, [0, 0, 2, 9], [3, 2, 7, 0], [5, 0, 10, 2]], [[1, 1], [0, 1], [2, 2]]]
reward: 0.2604, epoch: 231, params: 2818003, epoch_time: 63.7214, genotype: [[1, [0, 0, 5, 4], [0, 1, 5, 9], [6, 1, 5, 0]], [[2, 3], [3, 4], [0, 3]]]
reward: 0.1893, epoch: 232, params: 2638547, epoch_time: 65.7686, genotype: [[8, [0, 0, 1, 10], [1, 0, 6, 1], [6, 0, 0, 7]], [[2, 0], [0, 0], [1, 0]]]
reward: 0.2745, epoch: 233, params: 2476883, epoch_time: 65.0179, genotype: [[0, [0, 0, 7, 1], [2, 3, 8, 6], [4, 1, 0, 8]], [[3, 0], [2, 0], [0, 3]]]
reward: 0.2576, epoch: 234, params: 2428883, epoch_time: 169.7810, genotype: [[0, [0, 0, 6, 6], [3, 0, 0, 4], [4, 3, 10, 4]], [[0, 0], [1, 0], [3, 0]]]
reward: 0.2305, epoch: 235, params: 2237779, epoch_time: 56.8368, genotype: [[0, [0, 0, 0, 10], [3, 1, 0, 0], [2, 2, 1, 3]], [[3, 0], [4, 4], [2, 2]]]
reward: 0.2915, epoch: 236, params: 2451539, epoch_time: 60.7546, genotype: [[8, [0, 0, 5, 8], [2, 2, 1, 9], [4, 5, 0, 2]], [[1, 0], [3, 1], [3, 0]]]
reward: 0.2772, epoch: 237, params: 2259795, epoch_time: 55.6852, genotype: [[10, [0, 0, 2, 8], [2, 2, 8, 2], [2, 0, 6, 8]], [[1, 2], [2, 4], [5, 0]]]
reward: 0.2920, epoch: 238, params: 2289875, epoch_time: 61.1148, genotype: [[8, [0, 0, 0, 8], [2, 0, 3, 7], [2, 0, 5, 0]], [[1, 0], [3, 2], [2, 0]]]
reward: 0.2917, epoch: 239, params: 2470099, epoch_time: 63.8810, genotype: [[2, [0, 0, 6, 0], [2, 1, 2, 2], [0, 0, 8, 1]], [[0, 1], [2, 1], [0, 4]]]
reward: 0.2501, epoch: 240, params: 2447443, epoch_time: 49.8321, genotype: [[9, [0, 0, 8, 6], [2, 0, 2, 1], [6, 6, 0, 8]], [[1, 3], [4, 1], [4, 1]]]
reward: 0.2039, epoch: 241, params: 2086483, epoch_time: 55.1326, genotype: [[2, [0, 0, 2, 0], [3, 2, 0, 2], [3, 3, 8, 8]], [[1, 2], [4, 3], [3, 0]]]
reward: 0.3602, epoch: 242, params: 2206291, epoch_time: 66.2341, genotype: [[2, [0, 0, 10, 4], [2, 2, 6, 9], [4, 3, 0, 0]], [[2, 1], [4, 0], [1, 3]]]
reward: 0.2711, epoch: 243, params: 2251475, epoch_time: 47.5050, genotype: [[8, [0, 0, 0, 0], [3, 1, 10, 0], [3, 3, 6, 8]], [[3, 2], [1, 1], [3, 3]]]
reward: 0.2891, epoch: 244, params: 2229587, epoch_time: 52.1604, genotype: [[8, [0, 0, 9, 3], [0, 3, 1, 10], [3, 0, 0, 2]], [[3, 1], [0, 3], [3, 3]]]
reward: 0.2767, epoch: 245, params: 2260435, epoch_time: 169.9390, genotype: [[4, [0, 0, 0, 7], [3, 0, 6, 7], [4, 1, 4, 0]], [[2, 0], [3, 0], [4, 0]]]
reward: 0.2347, epoch: 246, params: 2657107, epoch_time: 66.0600, genotype: [[7, [0, 0, 5, 1], [2, 3, 5, 0], [3, 0, 7, 7]], [[2, 0], [3, 0], [3, 5]]]
reward: 0.0758, epoch: 247, params: 2482387, epoch_time: 40.4402, genotype: [[8, [0, 0, 8, 7], [3, 1, 6, 0], [0, 0, 8, 5]], [[1, 0], [0, 4], [4, 0]]]
reward: 0.2439, epoch: 248, params: 2263891, epoch_time: 47.9972, genotype: [[8, [0, 0, 9, 8], [1, 1, 7, 6], [2, 5, 8, 7]], [[1, 1], [3, 3], [4, 3]]]
reward: 0.2467, epoch: 249, params: 2443347, epoch_time: 81.3830, genotype: [[6, [0, 0, 8, 1], [1, 0, 2, 8], [3, 4, 9, 4]], [[0, 1], [2, 3], [5, 4]]]
reward: 0.2578, epoch: 250, params: 2261843, epoch_time: 59.1120, genotype: [[2, [0, 0, 7, 8], [2, 2, 9, 7], [3, 5, 5, 8]], [[2, 0], [3, 0], [3, 1]]]
reward: 0.3019, epoch: 251, params: 2630995, epoch_time: 59.8038, genotype: [[6, [0, 0, 10, 5], [1, 3, 5, 0], [3, 1, 8, 0]], [[2, 3], [0, 1], [0, 5]]]
reward: 0.2464, epoch: 252, params: 2989267, epoch_time: 65.1989, genotype: [[1, [0, 0, 5, 5], [0, 3, 10, 6], [2, 6, 1, 10]], [[2, 0], [4, 0], [4, 2]]]
reward: 0.2698, epoch: 253, params: 2212435, epoch_time: 54.0589, genotype: [[9, [0, 0, 6, 0], [2, 0, 0, 0], [0, 1, 9, 8]], [[2, 0], [1, 3], [2, 4]]]
reward: 0.2222, epoch: 254, params: 1987795, epoch_time: 47.7874, genotype: [[0, [0, 0, 9, 0], [2, 1, 7, 10], [0, 0, 9, 2]], [[2, 3], [0, 1], [2, 4]]]
reward: 0.2664, epoch: 255, params: 2418643, epoch_time: 62.7845, genotype: [[10, [0, 0, 6, 8], [2, 0, 8, 10], [2, 4, 0, 1]], [[2, 0], [0, 4], [3, 0]]]
reward: 0.2722, epoch: 256, params: 2434387, epoch_time: 52.8375, genotype: [[6, [0, 0, 5, 0], [2, 3, 9, 0], [2, 0, 8, 0]], [[2, 1], [4, 4], [2, 0]]]
reward: 0.2858, epoch: 257, params: 2285779, epoch_time: 49.9990, genotype: [[8, [0, 0, 2, 8], [2, 1, 8, 0], [4, 1, 5, 4]], [[3, 2], [3, 4], [1, 1]]]
reward: 0.2962, epoch: 258, params: 2599507, epoch_time: 96.1773, genotype: [[4, [0, 0, 1, 2], [0, 2, 5, 10], [4, 0, 1, 9]], [[0, 0], [2, 2], [4, 4]]]
reward: 0.2159, epoch: 259, params: 2605651, epoch_time: 46.5475, genotype: [[1, [0, 0, 5, 9], [2, 3, 8, 5], [1, 4, 10, 0]], [[3, 3], [3, 4], [4, 1]]]
reward: 0.2798, epoch: 260, params: 2387155, epoch_time: 49.3900, genotype: [[5, [0, 0, 6, 9], [0, 1, 9, 2], [1, 2, 10, 3]], [[3, 3], [0, 1], [4, 3]]]
reward: 0.1743, epoch: 261, params: 2085843, epoch_time: 47.2646, genotype: [[7, [0, 0, 8, 7], [3, 3, 2, 7], [3, 0, 0, 3]], [[3, 3], [4, 4], [5, 5]]]
reward: 0.2409, epoch: 262, params: 2254931, epoch_time: 64.5535, genotype: [[1, [0, 0, 0, 10], [0, 1, 8, 2], [2, 4, 3, 4]], [[2, 3], [0, 1], [3, 2]]]
reward: 0.2490, epoch: 263, params: 2478931, epoch_time: 119.0263, genotype: [[1, [0, 0, 0, 8], [2, 0, 8, 6], [3, 1, 3, 4]], [[0, 0], [0, 3], [5, 2]]]
reward: 0.2817, epoch: 264, params: 2190547, epoch_time: 54.1866, genotype: [[10, [0, 0, 10, 8], [2, 1, 10, 7], [2, 6, 5, 0]], [[0, 1], [3, 1], [4, 2]]]
reward: 0.2496, epoch: 265, params: 2247379, epoch_time: 61.0672, genotype: [[3, [0, 0, 0, 9], [2, 0, 0, 1], [3, 3, 0, 8]], [[0, 2], [0, 3], [2, 4]]]
reward: 0.1940, epoch: 266, params: 2462547, epoch_time: 48.7425, genotype: [[7, [0, 0, 2, 5], [0, 2, 6, 0], [4, 4, 8, 0]], [[1, 3], [4, 4], [5, 2]]]
reward: 0.2774, epoch: 267, params: 2445395, epoch_time: 60.5368, genotype: [[6, [0, 0, 2, 5], [3, 1, 0, 8], [4, 0, 9, 7]], [[0, 0], [3, 0], [2, 1]]]
reward: 0.2884, epoch: 268, params: 2247379, epoch_time: 55.5837, genotype: [[0, [0, 0, 8, 0], [3, 2, 6, 0], [6, 0, 10, 8]], [[2, 3], [4, 0], [0, 4]]]
reward: 0.2337, epoch: 269, params: 2640595, epoch_time: 59.7597, genotype: [[0, [0, 0, 8, 8], [2, 2, 6, 10], [3, 5, 1, 1]], [[3, 0], [4, 3], [2, 1]]]
reward: 0.1952, epoch: 270, params: 2237779, epoch_time: 46.2966, genotype: [[0, [0, 0, 4, 5], [3, 1, 0, 9], [3, 1, 8, 0]], [[2, 2], [3, 3], [5, 2]]]
reward: 0.2453, epoch: 271, params: 2219987, epoch_time: 47.1509, genotype: [[8, [0, 0, 1, 9], [3, 3, 4, 0], [4, 3, 10, 2]], [[3, 3], [3, 2], [1, 2]]]
reward: 0.2779, epoch: 272, params: 2048083, epoch_time: 48.7377, genotype: [[10, [0, 0, 7, 0], [2, 0, 0, 0], [4, 0, 2, 8]], [[2, 1], [2, 4], [4, 3]]]
reward: 0.2914, epoch: 273, params: 2434387, epoch_time: 80.7965, genotype: [[10, [0, 0, 6, 4], [1, 0, 0, 8], [5, 2, 0, 5]], [[2, 0], [1, 4], [2, 3]]]
reward: 0.2555, epoch: 274, params: 2205651, epoch_time: 57.6322, genotype: [[7, [0, 0, 7, 1], [2, 3, 0, 10], [3, 5, 0, 9]], [[3, 0], [3, 4], [2, 5]]]
reward: 0.2334, epoch: 275, params: 2211795, epoch_time: 47.1318, genotype: [[10, [0, 0, 9, 4], [3, 0, 1, 0], [5, 0, 2, 3]], [[3, 3], [3, 4], [5, 2]]]
reward: 0.1975, epoch: 276, params: 2393299, epoch_time: 56.8901, genotype: [[9, [0, 0, 1, 1], [0, 0, 8, 10], [4, 5, 10, 8]], [[2, 2], [0, 3], [0, 5]]]
reward: 0.2142, epoch: 277, params: 2046035, epoch_time: 47.3805, genotype: [[7, [0, 0, 2, 0], [3, 2, 9, 2], [0, 6, 0, 0]], [[3, 3], [1, 2], [1, 1]]]
reward: 0.1661, epoch: 278, params: 2219987, epoch_time: 82.6564, genotype: [[0, [0, 0, 8, 9], [3, 2, 9, 5], [3, 0, 2, 4]], [[3, 0], [0, 3], [1, 1]]]
reward: 0.2861, epoch: 279, params: 2453587, epoch_time: 51.3170, genotype: [[8, [0, 0, 4, 3], [2, 3, 8, 5], [2, 0, 5, 10]], [[3, 2], [3, 1], [4, 1]]]
reward: 0.2925, epoch: 280, params: 2570707, epoch_time: 57.5517, genotype: [[9, [0, 0, 5, 10], [1, 0, 0, 6], [3, 2, 9, 5]], [[2, 0], [4, 3], [2, 4]]]
reward: 0.3754, epoch: 281, params: 2409043, epoch_time: 98.2537, genotype: [[8, [0, 0, 6, 5], [3, 0, 4, 0], [1, 1, 9, 9]], [[3, 0], [4, 1], [3, 4]]]
reward: 0.2221, epoch: 282, params: 2215251, epoch_time: 65.3105, genotype: [[5, [0, 0, 10, 0], [2, 2, 2, 8], [3, 6, 2, 10]], [[0, 0], [4, 0], [1, 5]]]
reward: 0.2437, epoch: 283, params: 2080979, epoch_time: 57.9513, genotype: [[3, [0, 0, 2, 2], [3, 2, 0, 0], [2, 0, 0, 2]], [[1, 0], [3, 1], [0, 3]]]
reward: 0.2610, epoch: 284, params: 2219987, epoch_time: 60.6581, genotype: [[2, [0, 0, 0, 0], [2, 3, 8, 10], [1, 0, 6, 10]], [[3, 0], [1, 0], [0, 0]]]
reward: 0.2725, epoch: 285, params: 2437843, epoch_time: 84.4312, genotype: [[10, [0, 0, 5, 8], [2, 1, 0, 2], [2, 1, 5, 4]], [[2, 1], [4, 0], [2, 0]]]
reward: 0.2703, epoch: 286, params: 2028883, epoch_time: 53.5442, genotype: [[8, [0, 0, 7, 10], [2, 1, 0, 0], [3, 0, 10, 3]], [[3, 0], [3, 3], [0, 5]]]
reward: 0.1913, epoch: 287, params: 2478931, epoch_time: 66.0603, genotype: [[3, [0, 0, 1, 3], [2, 3, 8, 0], [4, 0, 1, 4]], [[2, 3], [0, 1], [3, 4]]]
reward: 0.2668, epoch: 288, params: 2596051, epoch_time: 49.8226, genotype: [[4, [0, 0, 0, 5], [2, 0, 5, 5], [2, 4, 10, 9]], [[3, 1], [4, 3], [3, 1]]]
reward: 0.0758, epoch: 289, params: 2628307, epoch_time: 33.4029, genotype: [[10, [0, 0, 1, 1], [1, 2, 5, 7], [5, 0, 0, 7]], [[3, 0], [0, 4], [0, 0]]]
reward: 0.2804, epoch: 290, params: 2052179, epoch_time: 55.7962, genotype: [[0, [0, 0, 0, 7], [0, 0, 8, 2], [0, 0, 10, 0]], [[2, 0], [1, 2], [2, 0]]]
reward: 0.2494, epoch: 291, params: 2464595, epoch_time: 47.7350, genotype: [[7, [0, 0, 5, 1], [3, 1, 0, 2], [3, 0, 2, 0]], [[2, 3], [3, 1], [2, 1]]]
reward: 0.2203, epoch: 292, params: 2044627, epoch_time: 60.3731, genotype: [[2, [0, 0, 0, 0], [3, 3, 0, 10], [6, 6, 0, 3]], [[2, 0], [4, 0], [2, 4]]]
reward: 0.2518, epoch: 293, params: 2043987, epoch_time: 51.8851, genotype: [[10, [0, 0, 8, 3], [0, 1, 7, 8], [1, 2, 9, 3]], [[3, 2], [4, 1], [0, 5]]]
reward: 0.2987, epoch: 294, params: 2443347, epoch_time: 59.1240, genotype: [[8, [0, 0, 2, 9], [1, 3, 3, 0], [3, 2, 6, 5]], [[2, 0], [1, 2], [4, 5]]]
reward: 0.2375, epoch: 295, params: 2237139, epoch_time: 56.2555, genotype: [[0, [0, 0, 10, 0], [1, 3, 1, 2], [2, 0, 8, 0]], [[2, 0], [2, 1], [5, 4]]]
reward: 0.1799, epoch: 296, params: 2273491, epoch_time: 54.3857, genotype: [[2, [0, 0, 0, 8], [0, 3, 2, 7], [4, 1, 6, 4]], [[2, 1], [1, 1], [3, 4]]]
reward: 0.2872, epoch: 297, params: 2228947, epoch_time: 61.7104, genotype: [[2, [0, 0, 3, 9], [2, 0, 10, 5], [4, 0, 2, 8]], [[2, 0], [4, 3], [0, 2]]]
reward: 0.1530, epoch: 298, params: 2463187, epoch_time: 47.3815, genotype: [[6, [0, 0, 4, 2], [2, 2, 4, 5], [4, 0, 4, 8]], [[2, 2], [3, 3], [3, 4]]]
reward: 0.2194, epoch: 299, params: 2238547, epoch_time: 101.4463, genotype: [[7, [0, 0, 2, 4], [0, 2, 5, 0], [4, 0, 2, 10]], [[2, 0], [4, 1], [3, 0]]]
reward: 0.3177, epoch: 300, params: 2215891, epoch_time: 45.9289, genotype: [[10, [0, 0, 1, 2], [2, 2, 0, 0], [4, 0, 9, 8]], [[2, 3], [4, 1], [4, 3]]]
reward: 0.2622, epoch: 301, params: 2219347, epoch_time: 59.0472, genotype: [[10, [0, 0, 7, 0], [3, 3, 10, 1], [5, 2, 8, 2]], [[1, 0], [3, 1], [4, 0]]]
reward: 0.2463, epoch: 302, params: 2240595, epoch_time: 65.0426, genotype: [[10, [0, 0, 0, 0], [2, 0, 7, 3], [2, 6, 2, 5]], [[0, 0], [3, 4], [5, 1]]]
reward: 0.2535, epoch: 303, params: 2463187, epoch_time: 63.7555, genotype: [[0, [0, 0, 2, 1], [1, 1, 0, 8], [4, 2, 0, 5]], [[0, 1], [4, 1], [2, 0]]]
reward: 0.2386, epoch: 304, params: 2431699, epoch_time: 62.8454, genotype: [[0, [0, 0, 0, 1], [0, 3, 5, 7], [6, 6, 2, 10]], [[0, 0], [3, 0], [4, 2]]]
reward: 0.2356, epoch: 305, params: 2022099, epoch_time: 46.7297, genotype: [[0, [0, 0, 10, 2], [2, 0, 10, 3], [4, 0, 7, 7]], [[3, 1], [4, 2], [5, 3]]]
reward: 0.2995, epoch: 306, params: 2219987, epoch_time: 50.5928, genotype: [[7, [0, 0, 8, 0], [0, 1, 0, 10], [2, 1, 1, 9]], [[0, 2], [3, 3], [1, 3]]]
reward: 0.1850, epoch: 307, params: 2276819, epoch_time: 50.3195, genotype: [[1, [0, 0, 8, 0], [2, 1, 8, 4], [2, 0, 0, 0]], [[3, 2], [3, 1], [1, 3]]]
reward: 0.3159, epoch: 308, params: 2003539, epoch_time: 46.7511, genotype: [[2, [0, 0, 10, 8], [2, 3, 9, 9], [2, 1, 8, 0]], [[2, 1], [3, 1], [3, 5]]]
reward: 0.3655, epoch: 309, params: 2191187, epoch_time: 72.8769, genotype: [[4, [0, 0, 8, 4], [2, 3, 10, 10], [3, 5, 10, 6]], [[3, 2], [2, 0], [3, 2]]]
reward: 0.3108, epoch: 310, params: 2796755, epoch_time: 68.2735, genotype: [[5, [0, 0, 9, 5], [2, 0, 5, 10], [4, 3, 5, 4]], [[0, 2], [3, 1], [1, 1]]]
reward: 0.1922, epoch: 311, params: 2017235, epoch_time: 86.1114, genotype: [[0, [0, 0, 9, 2], [3, 3, 4, 2], [2, 4, 10, 0]], [[2, 0], [1, 2], [0, 0]]]
reward: 0.2468, epoch: 312, params: 2015827, epoch_time: 46.2864, genotype: [[0, [0, 0, 8, 10], [0, 2, 0, 0], [3, 0, 0, 10]], [[2, 1], [4, 1], [4, 1]]]
reward: 0.2929, epoch: 313, params: 2420051, epoch_time: 52.4586, genotype: [[10, [0, 0, 8, 6], [1, 3, 7, 10], [0, 0, 7, 5]], [[1, 1], [3, 1], [0, 2]]]
reward: 0.2893, epoch: 314, params: 2381011, epoch_time: 57.2153, genotype: [[10, [0, 0, 9, 7], [1, 0, 7, 5], [5, 2, 6, 9]], [[0, 0], [4, 0], [1, 3]]]
reward: 0.2412, epoch: 315, params: 2212435, epoch_time: 60.1737, genotype: [[0, [0, 0, 5, 0], [2, 2, 9, 8], [5, 0, 0, 10]], [[0, 0], [4, 3], [0, 2]]]
reward: 0.3324, epoch: 316, params: 2654291, epoch_time: 59.5278, genotype: [[1, [0, 0, 0, 6], [2, 1, 0, 7], [5, 3, 0, 5]], [[2, 2], [3, 0], [0, 0]]]
reward: 0.3317, epoch: 317, params: 2424787, epoch_time: 106.0914, genotype: [[6, [0, 0, 9, 0], [0, 2, 1, 4], [4, 6, 0, 0]], [[3, 0], [0, 2], [4, 4]]]
reward: 0.2964, epoch: 318, params: 2574803, epoch_time: 50.9283, genotype: [[10, [0, 0, 0, 6], [3, 3, 10, 5], [0, 0, 10, 1]], [[1, 3], [2, 1], [0, 1]]]
reward: 0.2270, epoch: 319, params: 2403539, epoch_time: 56.5091, genotype: [[9, [0, 0, 10, 0], [2, 2, 0, 0], [2, 0, 6, 1]], [[3, 0], [3, 0], [0, 2]]]
reward: 0.2714, epoch: 320, params: 2200787, epoch_time: 49.4473, genotype: [[8, [0, 0, 1, 10], [1, 3, 9, 9], [3, 4, 8, 0]], [[3, 0], [3, 1], [3, 2]]]
reward: 0.2157, epoch: 321, params: 2206291, epoch_time: 48.0409, genotype: [[1, [0, 0, 9, 4], [2, 2, 0, 0], [3, 1, 2, 10]], [[2, 2], [3, 1], [3, 5]]]
reward: 0.2402, epoch: 322, params: 2459731, epoch_time: 80.1763, genotype: [[0, [0, 0, 0, 5], [3, 3, 3, 4], [4, 2, 6, 0]], [[2, 3], [2, 0], [2, 5]]]
reward: 0.2457, epoch: 323, params: 2261075, epoch_time: 49.2146, genotype: [[0, [0, 0, 0, 7], [2, 2, 5, 4], [3, 5, 0, 0]], [[2, 2], [3, 1], [1, 3]]]
reward: 0.2100, epoch: 324, params: 1993939, epoch_time: 52.6405, genotype: [[0, [0, 0, 0, 10], [3, 3, 9, 2], [1, 4, 8, 10]], [[2, 0], [2, 1], [4, 2]]]
reward: 0.2615, epoch: 325, params: 2398803, epoch_time: 47.2143, genotype: [[10, [0, 0, 10, 6], [2, 0, 0, 5], [3, 2, 7, 0]], [[3, 1], [3, 4], [2, 5]]]
reward: 0.0758, epoch: 326, params: 2472787, epoch_time: 34.5586, genotype: [[2, [0, 0, 0, 3], [0, 3, 6, 0], [3, 0, 5, 8]], [[3, 0], [4, 4], [0, 3]]]
reward: 0.2476, epoch: 327, params: 2831699, epoch_time: 64.7676, genotype: [[8, [0, 0, 10, 1], [2, 2, 6, 4], [0, 2, 5, 6]], [[3, 3], [3, 3], [0, 1]]]
reward: 0.1883, epoch: 328, params: 2244691, epoch_time: 47.0503, genotype: [[0, [0, 0, 2, 8], [2, 1, 2, 10], [3, 1, 5, 4]], [[2, 3], [3, 3], [4, 4]]]
reward: 0.2758, epoch: 329, params: 2621395, epoch_time: 88.4286, genotype: [[9, [0, 0, 5, 0], [1, 0, 6, 0], [4, 0, 4, 5]], [[2, 2], [1, 0], [5, 5]]]
reward: 0.2907, epoch: 330, params: 2219987, epoch_time: 48.7520, genotype: [[0, [0, 0, 2, 9], [1, 3, 5, 0], [6, 1, 10, 8]], [[2, 2], [0, 3], [3, 3]]]
reward: 0.2902, epoch: 331, params: 2223443, epoch_time: 56.8567, genotype: [[8, [0, 0, 0, 10], [3, 3, 2, 10], [3, 2, 5, 2]], [[2, 0], [0, 1], [1, 2]]]
reward: 0.2497, epoch: 332, params: 2437843, epoch_time: 55.9365, genotype: [[7, [0, 0, 6, 6], [1, 2, 8, 9], [6, 1, 0, 0]], [[2, 0], [2, 3], [1, 4]]]
reward: 0.2514, epoch: 333, params: 2231635, epoch_time: 65.0273, genotype: [[10, [0, 0, 3, 3], [2, 3, 0, 5], [0, 5, 9, 3]], [[2, 0], [3, 0], [4, 0]]]
reward: 0.3853, epoch: 334, params: 2852947, epoch_time: 63.5591, genotype: [[6, [0, 0, 5, 1], [3, 0, 1, 4], [1, 0, 0, 8]], [[0, 3], [3, 3], [2, 5]]]
reward: 0.2455, epoch: 335, params: 2434387, epoch_time: 61.3669, genotype: [[9, [0, 0, 3, 0], [0, 2, 5, 0], [4, 3, 0, 6]], [[2, 0], [4, 1], [4, 2]]]
reward: 0.3369, epoch: 336, params: 2019283, epoch_time: 77.7719, genotype: [[0, [0, 0, 2, 0], [1, 0, 10, 4], [2, 0, 9, 8]], [[1, 0], [2, 3], [4, 1]]]
reward: 0.2625, epoch: 337, params: 2058323, epoch_time: 81.4671, genotype: [[4, [0, 0, 2, 0], [3, 2, 10, 3], [3, 6, 8, 0]], [[2, 0], [0, 3], [3, 1]]]
reward: 0.2510, epoch: 338, params: 2235731, epoch_time: 77.1199, genotype: [[10, [0, 0, 6, 2], [2, 3, 4, 0], [2, 1, 4, 0]], [[3, 3], [0, 2], [1, 3]]]
reward: 0.2519, epoch: 339, params: 1930195, epoch_time: 85.7203, genotype: [[9, [0, 0, 9, 4], [1, 0, 0, 10], [0, 2, 9, 10]], [[3, 0], [4, 2], [4, 1]]]
reward: 0.2603, epoch: 340, params: 2408403, epoch_time: 63.0786, genotype: [[5, [0, 0, 5, 7], [2, 3, 0, 3], [5, 6, 10, 9]], [[3, 0], [3, 4], [5, 0]]]
reward: 0.2017, epoch: 341, params: 2259027, epoch_time: 50.8692, genotype: [[0, [0, 0, 0, 8], [3, 2, 4, 0], [5, 0, 5, 0]], [[1, 3], [3, 4], [2, 5]]]
reward: 0.2464, epoch: 342, params: 2222035, epoch_time: 62.5550, genotype: [[3, [0, 0, 0, 0], [3, 1, 10, 8], [3, 3, 5, 9]], [[0, 3], [1, 4], [4, 0]]]
reward: 0.2575, epoch: 343, params: 2406355, epoch_time: 51.3357, genotype: [[7, [0, 0, 1, 10], [2, 3, 5, 2], [2, 2, 0, 10]], [[1, 3], [2, 3], [0, 5]]]
reward: 0.2752, epoch: 344, params: 2418643, epoch_time: 51.2985, genotype: [[6, [0, 0, 1, 10], [1, 2, 4, 8], [6, 5, 8, 10]], [[1, 3], [3, 4], [2, 1]]]
reward: 0.2707, epoch: 345, params: 2483027, epoch_time: 53.7192, genotype: [[8, [0, 0, 0, 8], [2, 1, 8, 0], [2, 5, 6, 1]], [[2, 0], [2, 1], [3, 2]]]
reward: 0.2724, epoch: 346, params: 2025427, epoch_time: 59.3109, genotype: [[3, [0, 0, 0, 9], [3, 1, 0, 9], [3, 3, 8, 0]], [[3, 0], [0, 1], [0, 5]]]
reward: 0.1923, epoch: 347, params: 2465235, epoch_time: 198.6363, genotype: [[0, [0, 0, 4, 8], [1, 0, 8, 6], [2, 0, 6, 4]], [[3, 0], [4, 4], [5, 4]]]
reward: 0.3526, epoch: 348, params: 2244691, epoch_time: 62.4436, genotype: [[2, [0, 0, 0, 0], [0, 3, 10, 2], [0, 0, 5, 8]], [[0, 0], [1, 2], [4, 0]]]
reward: 0.2192, epoch: 349, params: 2003539, epoch_time: 46.5295, genotype: [[9, [0, 0, 0, 8], [1, 2, 9, 10], [2, 0, 7, 8]], [[3, 3], [2, 3], [2, 4]]]
reward: 0.2795, epoch: 350, params: 2161747, epoch_time: 45.0672, genotype: [[9, [0, 0, 5, 9], [2, 2, 9, 10], [2, 1, 8, 0]], [[2, 1], [4, 4], [2, 4]]]
reward: 0.2450, epoch: 351, params: 2202835, epoch_time: 47.8564, genotype: [[10, [0, 0, 10, 0], [1, 2, 0, 0], [3, 1, 5, 0]], [[3, 3], [4, 0], [3, 2]]]
reward: 0.2266, epoch: 352, params: 2665299, epoch_time: 121.0292, genotype: [[8, [0, 0, 4, 6], [1, 2, 1, 5], [2, 3, 2, 8]], [[2, 0], [4, 2], [4, 5]]]
reward: 0.3043, epoch: 353, params: 2247379, epoch_time: 65.4151, genotype: [[0, [0, 0, 5, 4], [0, 2, 0, 10], [0, 1, 8, 8]], [[3, 2], [3, 1], [0, 5]]]
reward: 0.2428, epoch: 354, params: 2403539, epoch_time: 62.3214, genotype: [[0, [0, 0, 5, 0], [3, 3, 0, 10], [5, 0, 9, 5]], [[0, 0], [0, 2], [0, 0]]]
reward: 0.2679, epoch: 355, params: 2621395, epoch_time: 59.7874, genotype: [[0, [0, 0, 6, 9], [0, 1, 0, 1], [6, 6, 0, 1]], [[1, 0], [4, 3], [4, 3]]]
reward: 0.2959, epoch: 356, params: 1998035, epoch_time: 77.9319, genotype: [[10, [0, 0, 0, 10], [2, 2, 4, 7], [2, 0, 8, 10]], [[0, 2], [2, 0], [1, 2]]]
reward: 0.2174, epoch: 357, params: 2304979, epoch_time: 63.4683, genotype: [[8, [0, 0, 8, 8], [0, 2, 3, 5], [0, 2, 8, 7]], [[1, 0], [3, 2], [4, 1]]]
reward: 0.1941, epoch: 358, params: 2029523, epoch_time: 125.8787, genotype: [[4, [0, 0, 8, 10], [3, 1, 0, 3], [0, 0, 4, 9]], [[2, 3], [0, 0], [3, 0]]]
reward: 0.2869, epoch: 359, params: 2432339, epoch_time: 49.6120, genotype: [[5, [0, 0, 0, 10], [2, 0, 4, 4], [2, 1, 2, 6]], [[3, 2], [1, 1], [3, 3]]]
reward: 0.2486, epoch: 360, params: 2071379, epoch_time: 51.2550, genotype: [[10, [0, 0, 0, 8], [2, 3, 7, 8], [4, 1, 2, 8]], [[2, 3], [3, 3], [0, 3]]]
reward: 0.2916, epoch: 361, params: 2212435, epoch_time: 54.6632, genotype: [[0, [0, 0, 6, 8], [2, 1, 0, 10], [3, 0, 10, 0]], [[3, 2], [0, 0], [0, 4]]]
reward: 0.2510, epoch: 362, params: 2660435, epoch_time: 53.1164, genotype: [[0, [0, 0, 5, 0], [2, 3, 0, 8], [3, 6, 1, 6]], [[3, 3], [1, 0], [2, 3]]]
reward: 0.2876, epoch: 363, params: 2202835, epoch_time: 127.3387, genotype: [[9, [0, 0, 4, 0], [2, 1, 0, 4], [3, 0, 6, 10]], [[0, 0], [4, 3], [3, 1]]]
reward: 0.3556, epoch: 364, params: 2196691, epoch_time: 48.9787, genotype: [[10, [0, 0, 8, 10], [1, 1, 8, 5], [1, 0, 0, 9]], [[3, 3], [4, 3], [0, 1]]]
reward: 0.2339, epoch: 365, params: 2660435, epoch_time: 78.7842, genotype: [[4, [0, 0, 0, 6], [1, 1, 6, 8], [3, 0, 1, 4]], [[3, 0], [2, 1], [3, 3]]]
reward: 0.2812, epoch: 366, params: 2226131, epoch_time: 59.9975, genotype: [[0, [0, 0, 0, 8], [0, 3, 8, 6], [6, 0, 9, 10]], [[2, 0], [0, 1], [0, 3]]]
reward: 0.3231, epoch: 367, params: 2254291, epoch_time: 85.2586, genotype: [[8, [0, 0, 8, 2], [3, 1, 2, 5], [2, 1, 9, 4]], [[2, 0], [2, 1], [0, 5]]]
reward: 0.2456, epoch: 368, params: 2675539, epoch_time: 60.5267, genotype: [[5, [0, 0, 0, 8], [1, 3, 6, 8], [3, 1, 3, 5]], [[2, 2], [4, 0], [0, 3]]]
reward: 0.2230, epoch: 369, params: 2231635, epoch_time: 53.2872, genotype: [[0, [0, 0, 9, 6], [2, 0, 2, 0], [4, 1, 0, 0]], [[2, 0], [3, 1], [3, 4]]]
reward: 0.2555, epoch: 370, params: 2054867, epoch_time: 50.9971, genotype: [[10, [0, 0, 0, 8], [0, 3, 3, 0], [3, 1, 0, 0]], [[3, 3], [2, 1], [0, 1]]]
reward: 0.2457, epoch: 371, params: 2463827, epoch_time: 47.9278, genotype: [[3, [0, 0, 0, 0], [1, 0, 6, 0], [0, 5, 0, 5]], [[2, 1], [1, 2], [2, 3]]]
reward: 0.3160, epoch: 372, params: 2399443, epoch_time: 50.2935, genotype: [[0, [0, 0, 1, 0], [2, 1, 10, 5], [4, 1, 0, 10]], [[3, 1], [4, 0], [2, 2]]]
reward: 0.2675, epoch: 373, params: 2824915, epoch_time: 67.9504, genotype: [[1, [0, 0, 5, 1], [2, 2, 2, 7], [6, 4, 10, 5]], [[2, 0], [4, 1], [0, 4]]]
reward: 0.2712, epoch: 374, params: 3028307, epoch_time: 59.0741, genotype: [[6, [0, 0, 6, 1], [3, 1, 6, 9], [4, 0, 8, 6]], [[0, 2], [3, 0], [1, 3]]]
reward: 0.2934, epoch: 375, params: 2200147, epoch_time: 57.6671, genotype: [[10, [0, 0, 8, 8], [1, 2, 6, 10], [1, 2, 7, 10]], [[3, 0], [4, 0], [1, 2]]]
reward: 0.2816, epoch: 376, params: 2273491, epoch_time: 49.7077, genotype: [[6, [0, 0, 2, 0], [2, 0, 8, 2], [4, 2, 7, 0]], [[3, 1], [3, 2], [1, 5]]]
reward: 0.2720, epoch: 377, params: 2822099, epoch_time: 56.9472, genotype: [[10, [0, 0, 0, 0], [2, 1, 6, 6], [3, 3, 5, 6]], [[3, 1], [2, 0], [3, 0]]]
reward: 0.2799, epoch: 378, params: 2038483, epoch_time: 56.1991, genotype: [[0, [0, 0, 8, 8], [3, 1, 7, 10], [2, 2, 10, 3]], [[0, 2], [2, 4], [3, 1]]]
reward: 0.3474, epoch: 379, params: 2241235, epoch_time: 86.6435, genotype: [[10, [0, 0, 6, 8], [2, 3, 0, 7], [3, 2, 0, 4]], [[3, 0], [4, 0], [2, 3]]]
reward: 0.2353, epoch: 380, params: 2208339, epoch_time: 45.5276, genotype: [[8, [0, 0, 10, 10], [2, 3, 0, 0], [3, 5, 0, 5]], [[2, 3], [3, 4], [5, 4]]]
reward: 0.3052, epoch: 381, params: 1993939, epoch_time: 48.8358, genotype: [[10, [0, 0, 0, 10], [2, 0, 8, 0], [3, 2, 7, 10]], [[2, 0], [3, 2], [5, 1]]]
reward: 0.3325, epoch: 382, params: 2438483, epoch_time: 63.6249, genotype: [[0, [0, 0, 6, 5], [3, 0, 0, 10], [2, 2, 8, 4]], [[3, 2], [0, 1], [2, 2]]]
reward: 0.1899, epoch: 383, params: 2634451, epoch_time: 47.1376, genotype: [[10, [0, 0, 6, 5], [0, 0, 2, 8], [0, 1, 5, 0]], [[3, 2], [4, 4], [3, 2]]]
reward: 0.2514, epoch: 384, params: 2428243, epoch_time: 50.1819, genotype: [[1, [0, 0, 7, 0], [3, 2, 0, 1], [6, 1, 0, 10]], [[3, 2], [3, 2], [5, 0]]]
reward: 0.2277, epoch: 385, params: 2374099, epoch_time: 76.6038, genotype: [[10, [0, 0, 0, 9], [2, 2, 5, 10], [3, 3, 4, 5]], [[3, 2], [3, 0], [1, 5]]]
reward: 0.2418, epoch: 386, params: 2187091, epoch_time: 58.1119, genotype: [[0, [0, 0, 3, 9], [0, 1, 10, 0], [3, 1, 10, 1]], [[2, 0], [4, 0], [4, 4]]]
reward: 0.2569, epoch: 387, params: 2228179, epoch_time: 53.9156, genotype: [[0, [0, 0, 5, 0], [2, 1, 0, 0], [6, 0, 9, 0]], [[2, 0], [4, 0], [3, 3]]]
reward: 0.2390, epoch: 388, params: 2605651, epoch_time: 56.6436, genotype: [[6, [0, 0, 9, 5], [2, 1, 9, 8], [3, 5, 6, 0]], [[0, 0], [3, 2], [2, 4]]]
reward: 0.3438, epoch: 389, params: 2827603, epoch_time: 62.9433, genotype: [[3, [0, 0, 0, 6], [2, 2, 1, 6], [2, 5, 6, 10]], [[1, 0], [4, 3], [4, 3]]]
reward: 0.0758, epoch: 390, params: 2472787, epoch_time: 35.8177, genotype: [[0, [0, 0, 1, 0], [2, 2, 8, 7], [1, 3, 5, 8]], [[2, 0], [2, 0], [0, 5]]]
reward: 0.1952, epoch: 391, params: 2212435, epoch_time: 50.6806, genotype: [[3, [0, 0, 9, 10], [2, 3, 4, 4], [1, 0, 0, 6]], [[3, 1], [4, 3], [3, 2]]]
reward: 0.2269, epoch: 392, params: 1993939, epoch_time: 57.3948, genotype: [[10, [0, 0, 0, 10], [3, 0, 9, 2], [3, 5, 8, 0]], [[2, 0], [4, 0], [0, 3]]]
reward: 0.2491, epoch: 393, params: 2374099, epoch_time: 53.4835, genotype: [[5, [0, 0, 0, 9], [3, 0, 10, 10], [6, 0, 5, 0]], [[3, 0], [3, 1], [1, 4]]]
reward: 0.2587, epoch: 394, params: 2406355, epoch_time: 51.2530, genotype: [[9, [0, 0, 5, 7], [2, 2, 6, 7], [3, 0, 10, 0]], [[3, 2], [0, 3], [4, 1]]]
reward: 0.2799, epoch: 395, params: 1993939, epoch_time: 54.2576, genotype: [[10, [0, 0, 0, 9], [0, 3, 0, 10], [3, 0, 8, 2]], [[2, 1], [0, 4], [2, 0]]]
reward: 0.2362, epoch: 396, params: 2428243, epoch_time: 99.0809, genotype: [[0, [0, 0, 2, 10], [2, 1, 5, 0], [2, 0, 1, 4]], [[3, 0], [4, 3], [0, 2]]]
reward: 0.2392, epoch: 397, params: 2057683, epoch_time: 57.3358, genotype: [[7, [0, 0, 2, 8], [2, 3, 8, 0], [2, 1, 10, 0]], [[2, 0], [4, 1], [3, 1]]]
reward: 0.2625, epoch: 398, params: 2605651, epoch_time: 63.2050, genotype: [[5, [0, 0, 5, 9], [2, 1, 8, 0], [4, 5, 9, 1]], [[2, 0], [3, 4], [4, 4]]]
reward: 0.2242, epoch: 399, params: 2377555, epoch_time: 58.0442, genotype: [[7, [0, 0, 10, 5], [0, 3, 10, 9], [2, 3, 5, 0]], [[0, 3], [1, 4], [4, 3]]]
reward: 0.3367, epoch: 400, params: 2233683, epoch_time: 99.1345, genotype: [[0, [0, 0, 5, 9], [1, 3, 8, 0], [1, 5, 4, 0]], [[3, 0], [4, 3], [5, 1]]]
reward: 0.2765, epoch: 401, params: 1968595, epoch_time: 56.0799, genotype: [[9, [0, 0, 0, 8], [2, 3, 2, 9], [4, 5, 10, 10]], [[3, 0], [0, 4], [4, 4]]]
reward: 0.3336, epoch: 402, params: 2826963, epoch_time: 60.3830, genotype: [[6, [0, 0, 5, 5], [2, 0, 8, 9], [4, 0, 5, 2]], [[1, 1], [4, 0], [3, 5]]]
reward: 0.2610, epoch: 403, params: 2267987, epoch_time: 47.0339, genotype: [[0, [0, 0, 5, 7], [3, 1, 0, 0], [3, 6, 2, 2]], [[2, 3], [1, 1], [2, 3]]]
reward: 0.2659, epoch: 404, params: 2184403, epoch_time: 58.5359, genotype: [[6, [0, 0, 9, 2], [2, 3, 9, 0], [3, 0, 9, 2]], [[2, 0], [4, 3], [4, 1]]]
reward: 0.3569, epoch: 405, params: 2399443, epoch_time: 97.0121, genotype: [[10, [0, 0, 5, 0], [3, 1, 5, 0], [2, 0, 4, 10]], [[2, 0], [4, 2], [4, 3]]]
reward: 0.2291, epoch: 406, params: 2404947, epoch_time: 60.2912, genotype: [[8, [0, 0, 10, 4], [1, 1, 9, 5], [4, 0, 1, 4]], [[1, 3], [4, 1], [3, 5]]]
reward: 0.2864, epoch: 407, params: 2409043, epoch_time: 55.8028, genotype: [[6, [0, 0, 8, 9], [3, 3, 0, 1], [3, 2, 9, 0]], [[3, 1], [4, 4], [4, 0]]]
reward: 0.3097, epoch: 408, params: 2260435, epoch_time: 57.8669, genotype: [[9, [0, 0, 8, 8], [2, 2, 0, 7], [2, 0, 8, 5]], [[2, 0], [1, 1], [2, 5]]]
reward: 0.2997, epoch: 409, params: 2412499, epoch_time: 52.9599, genotype: [[4, [0, 0, 8, 1], [1, 0, 9, 10], [6, 2, 1, 2]], [[3, 1], [3, 3], [4, 1]]]
reward: 0.2551, epoch: 410, params: 2264531, epoch_time: 61.3707, genotype: [[8, [0, 0, 8, 0], [3, 0, 2, 8], [3, 0, 1, 9]], [[2, 0], [0, 1], [2, 1]]]
reward: 0.2778, epoch: 411, params: 2402899, epoch_time: 67.9053, genotype: [[9, [0, 0, 0, 2], [2, 0, 4, 1], [4, 1, 6, 10]], [[2, 0], [1, 2], [5, 1]]]
reward: 0.2552, epoch: 412, params: 1988435, epoch_time: 55.1741, genotype: [[0, [0, 0, 7, 9], [0, 1, 10, 0], [4, 0, 0, 9]], [[3, 0], [3, 0], [0, 2]]]
reward: 0.2399, epoch: 413, params: 2211795, epoch_time: 58.1858, genotype: [[10, [0, 0, 2, 0], [2, 2, 0, 3], [1, 0, 5, 9]], [[2, 1], [4, 0], [5, 3]]]
reward: 0.3790, epoch: 414, params: 2584403, epoch_time: 60.0855, genotype: [[10, [0, 0, 8, 10], [2, 3, 6, 10], [6, 0, 1, 1]], [[2, 1], [1, 0], [0, 1]]]
reward: 0.1924, epoch: 415, params: 2198739, epoch_time: 115.2087, genotype: [[0, [0, 0, 0, 4], [3, 0, 1, 10], [3, 5, 0, 10]], [[0, 0], [1, 0], [4, 5]]]
reward: 0.3834, epoch: 416, params: 2048083, epoch_time: 110.6745, genotype: [[0, [0, 0, 7, 2], [2, 3, 4, 0], [6, 6, 9, 8]], [[3, 0], [0, 3], [4, 4]]]
reward: 0.2717, epoch: 417, params: 2209747, epoch_time: 67.1958, genotype: [[9, [0, 0, 6, 9], [3, 3, 2, 7], [4, 1, 0, 4]], [[2, 1], [4, 1], [0, 3]]]
reward: 0.3337, epoch: 418, params: 2463187, epoch_time: 56.3916, genotype: [[0, [0, 0, 6, 8], [0, 3, 5, 0], [4, 2, 2, 0]], [[2, 1], [2, 0], [4, 4]]]
reward: 0.2753, epoch: 419, params: 2247379, epoch_time: 67.9325, genotype: [[0, [0, 0, 0, 8], [2, 2, 10, 3], [3, 6, 0, 5]], [[2, 0], [4, 0], [3, 4]]]
reward: 0.2370, epoch: 420, params: 2438483, epoch_time: 81.5558, genotype: [[9, [0, 0, 0, 3], [3, 2, 4, 5], [1, 1, 4, 5]], [[1, 3], [3, 3], [2, 0]]]
reward: 0.3388, epoch: 421, params: 2445395, epoch_time: 63.2540, genotype: [[7, [0, 0, 5, 8], [0, 0, 7, 10], [2, 1, 5, 0]], [[3, 0], [1, 3], [0, 2]]]
reward: 0.2860, epoch: 422, params: 2434387, epoch_time: 90.7132, genotype: [[4, [0, 0, 0, 6], [0, 1, 8, 6], [5, 5, 9, 0]], [[3, 0], [4, 0], [2, 3]]]
reward: 0.2673, epoch: 423, params: 2402899, epoch_time: 55.9771, genotype: [[7, [0, 0, 9, 10], [2, 2, 6, 0], [4, 0, 0, 6]], [[2, 0], [4, 2], [3, 1]]]
reward: 0.0758, epoch: 424, params: 2065875, epoch_time: 28.6559, genotype: [[0, [0, 0, 8, 2], [2, 3, 0, 0], [4, 0, 0, 0]], [[1, 0], [3, 0], [4, 5]]]
reward: 0.2966, epoch: 425, params: 2409043, epoch_time: 48.3334, genotype: [[8, [0, 0, 9, 0], [0, 3, 0, 10], [3, 1, 5, 5]], [[1, 3], [3, 3], [4, 2]]]
reward: 0.3314, epoch: 426, params: 2245331, epoch_time: 54.7680, genotype: [[0, [0, 0, 0, 8], [0, 3, 2, 9], [3, 4, 5, 0]], [[2, 1], [3, 1], [2, 0]]]
reward: 0.2804, epoch: 427, params: 2261075, epoch_time: 58.8622, genotype: [[0, [0, 0, 10, 6], [2, 1, 0, 8], [6, 1, 8, 8]], [[3, 2], [0, 2], [0, 2]]]
reward: 0.3748, epoch: 428, params: 2200787, epoch_time: 202.4869, genotype: [[10, [0, 0, 9, 0], [2, 2, 8, 9], [4, 1, 5, 8]], [[3, 1], [2, 3], [0, 3]]]
reward: 0.2550, epoch: 429, params: 2263123, epoch_time: 49.8859, genotype: [[0, [0, 0, 8, 0], [1, 1, 0, 6], [4, 3, 0, 0]], [[3, 3], [3, 1], [4, 4]]]
reward: 0.3141, epoch: 430, params: 2434387, epoch_time: 64.0727, genotype: [[1, [0, 0, 0, 10], [2, 0, 0, 8], [4, 0, 0, 5]], [[0, 1], [2, 0], [4, 1]]]
reward: 0.2371, epoch: 431, params: 2221395, epoch_time: 383.8778, genotype: [[8, [0, 0, 1, 0], [0, 3, 9, 8], [2, 0, 7, 10]], [[0, 1], [3, 2], [4, 5]]]
reward: 0.2225, epoch: 432, params: 2222035, epoch_time: 100.0936, genotype: [[4, [0, 0, 10, 8], [1, 3, 9, 0], [3, 5, 8, 6]], [[3, 0], [4, 1], [4, 2]]]
reward: 0.3473, epoch: 433, params: 2866003, epoch_time: 58.1686, genotype: [[1, [0, 0, 6, 8], [1, 1, 8, 6], [3, 0, 2, 6]], [[2, 2], [1, 1], [0, 4]]]
reward: 0.2515, epoch: 434, params: 2235731, epoch_time: 323.9659, genotype: [[0, [0, 0, 8, 8], [1, 2, 9, 6], [3, 2, 8, 9]], [[2, 0], [0, 3], [0, 2]]]
reward: 0.3191, epoch: 435, params: 2185043, epoch_time: 68.2964, genotype: [[4, [0, 0, 0, 10], [2, 0, 5, 9], [4, 1, 10, 2]], [[2, 1], [2, 1], [2, 0]]]
reward: 0.2583, epoch: 436, params: 2247379, epoch_time: 65.2985, genotype: [[0, [0, 0, 10, 5], [1, 0, 0, 8], [4, 0, 8, 0]], [[0, 2], [3, 0], [2, 5]]]
reward: 0.2672, epoch: 437, params: 2422739, epoch_time: 54.1094, genotype: [[8, [0, 0, 3, 9], [2, 3, 5, 0], [5, 2, 9, 6]], [[1, 0], [3, 3], [3, 3]]]
reward: 0.2343, epoch: 438, params: 2566611, epoch_time: 48.2700, genotype: [[9, [0, 0, 0, 6], [0, 2, 10, 10], [4, 2, 5, 6]], [[1, 1], [3, 2], [4, 5]]]
reward: 0.3084, epoch: 439, params: 2827603, epoch_time: 58.2511, genotype: [[9, [0, 0, 0, 5], [3, 0, 6, 5], [3, 6, 5, 8]], [[2, 1], [4, 3], [4, 0]]]
reward: 0.2887, epoch: 440, params: 1968595, epoch_time: 55.2112, genotype: [[8, [0, 0, 10, 10], [1, 0, 9, 7], [3, 5, 10, 0]], [[3, 0], [1, 4], [2, 4]]]
reward: 0.3032, epoch: 441, params: 2048723, epoch_time: 53.7333, genotype: [[8, [0, 0, 3, 8], [1, 0, 0, 9], [4, 0, 10, 8]], [[2, 3], [3, 0], [2, 1]]]
reward: 0.2175, epoch: 442, params: 2434387, epoch_time: 49.2148, genotype: [[3, [0, 0, 5, 5], [0, 3, 0, 0], [2, 0, 0, 9]], [[2, 3], [4, 4], [2, 2]]]
reward: 0.2675, epoch: 443, params: 2247379, epoch_time: 84.7578, genotype: [[10, [0, 0, 4, 8], [2, 3, 5, 8], [3, 0, 0, 0]], [[2, 0], [4, 2], [1, 2]]]
reward: 0.2329, epoch: 444, params: 2219987, epoch_time: 115.7530, genotype: [[8, [0, 0, 7, 5], [2, 3, 4, 9], [4, 0, 10, 4]], [[3, 0], [1, 3], [0, 1]]]
reward: 0.3515, epoch: 445, params: 1984339, epoch_time: 100.8362, genotype: [[0, [0, 0, 10, 2], [2, 3, 0, 9], [2, 0, 9, 4]], [[0, 1], [0, 3], [0, 4]]]
reward: 0.2299, epoch: 446, params: 2187091, epoch_time: 45.3200, genotype: [[5, [0, 0, 0, 10], [3, 3, 3, 9], [3, 1, 9, 0]], [[2, 2], [4, 2], [2, 2]]]
reward: 0.2571, epoch: 447, params: 2260435, epoch_time: 59.1295, genotype: [[0, [0, 0, 2, 0], [2, 1, 0, 7], [3, 0, 0, 5]], [[2, 1], [3, 0], [0, 4]]]
reward: 0.3667, epoch: 448, params: 2640595, epoch_time: 56.2906, genotype: [[8, [0, 0, 6, 5], [2, 2, 10, 0], [2, 0, 5, 8]], [[2, 1], [2, 1], [4, 0]]]
reward: 0.1679, epoch: 449, params: 2640595, epoch_time: 86.4029, genotype: [[4, [0, 0, 5, 8], [3, 2, 9, 6], [2, 1, 5, 8]], [[3, 0], [2, 1], [4, 2]]]
reward: 0.2951, epoch: 450, params: 2029523, epoch_time: 49.4568, genotype: [[8, [0, 0, 9, 0], [0, 1, 0, 8], [3, 0, 10, 0]], [[3, 0], [3, 3], [2, 2]]]
reward: 0.2895, epoch: 451, params: 2215891, epoch_time: 110.7337, genotype: [[4, [0, 0, 0, 2], [1, 0, 9, 10], [1, 1, 1, 8]], [[1, 0], [4, 0], [1, 0]]]
reward: 0.2643, epoch: 452, params: 2821459, epoch_time: 53.6422, genotype: [[10, [0, 0, 6, 0], [0, 3, 2, 5], [3, 5, 5, 5]], [[2, 1], [3, 0], [2, 4]]]
reward: 0.3011, epoch: 453, params: 3028307, epoch_time: 54.9674, genotype: [[5, [0, 0, 6, 9], [0, 2, 6, 1], [4, 0, 8, 6]], [[2, 0], [1, 3], [2, 1]]]
reward: 0.1535, epoch: 454, params: 2412499, epoch_time: 47.1113, genotype: [[1, [0, 0, 0, 2], [0, 2, 10, 5], [6, 0, 8, 10]], [[3, 2], [4, 2], [2, 4]]]
reward: 0.2774, epoch: 455, params: 2409043, epoch_time: 51.0601, genotype: [[9, [0, 0, 0, 10], [0, 2, 5, 5], [4, 0, 0, 8]], [[3, 2], [0, 4], [3, 2]]]
reward: 0.2618, epoch: 456, params: 2283731, epoch_time: 107.2855, genotype: [[2, [0, 0, 8, 2], [2, 3, 4, 5], [4, 5, 0, 8]], [[0, 2], [3, 0], [2, 0]]]
reward: 0.3337, epoch: 457, params: 2825555, epoch_time: 65.7020, genotype: [[6, [0, 0, 5, 9], [1, 1, 5, 0], [6, 0, 2, 6]], [[2, 0], [0, 0], [0, 3]]]
reward: 0.2989, epoch: 458, params: 2270675, epoch_time: 56.2829, genotype: [[0, [0, 0, 0, 0], [2, 1, 0, 8], [2, 1, 7, 5]], [[3, 0], [2, 0], [2, 2]]]
reward: 0.3081, epoch: 459, params: 2187091, epoch_time: 49.9270, genotype: [[10, [0, 0, 8, 1], [2, 1, 0, 0], [3, 0, 9, 9]], [[2, 0], [3, 1], [2, 5]]]
reward: 0.2691, epoch: 460, params: 2630995, epoch_time: 104.2618, genotype: [[10, [0, 0, 0, 6], [1, 3, 4, 1], [2, 3, 5, 3]], [[3, 0], [0, 1], [2, 5]]]
reward: 0.2847, epoch: 461, params: 2437843, epoch_time: 48.8714, genotype: [[4, [0, 0, 7, 5], [3, 3, 0, 10], [6, 0, 8, 6]], [[2, 1], [4, 2], [3, 3]]]
reward: 0.3435, epoch: 462, params: 2422739, epoch_time: 55.6356, genotype: [[8, [0, 0, 9, 10], [0, 1, 8, 6], [5, 3, 0, 6]], [[1, 0], [2, 3], [0, 2]]]
reward: 0.2730, epoch: 463, params: 2866643, epoch_time: 46.7352, genotype: [[6, [0, 0, 0, 6], [1, 0, 6, 8], [1, 4, 8, 5]], [[3, 3], [2, 2], [3, 3]]]
reward: 0.2270, epoch: 464, params: 2274131, epoch_time: 47.6139, genotype: [[3, [0, 0, 8, 5], [0, 3, 7, 8], [3, 1, 8, 9]], [[2, 2], [3, 1], [2, 1]]]
reward: 0.2320, epoch: 465, params: 2235091, epoch_time: 55.0813, genotype: [[1, [0, 0, 0, 9], [2, 0, 0, 0], [3, 0, 2, 2]], [[3, 1], [2, 0], [4, 0]]]
reward: 0.2619, epoch: 466, params: 2603603, epoch_time: 50.7949, genotype: [[9, [0, 0, 10, 7], [3, 0, 5, 1], [2, 4, 6, 0]], [[2, 0], [1, 2], [3, 2]]]
reward: 0.2835, epoch: 467, params: 2063827, epoch_time: 60.7612, genotype: [[10, [0, 0, 2, 8], [0, 0, 8, 8], [6, 2, 0, 0]], [[3, 0], [1, 1], [4, 0]]]
reward: 0.3439, epoch: 468, params: 2418643, epoch_time: 52.9397, genotype: [[9, [0, 0, 1, 0], [2, 2, 5, 8], [2, 2, 8, 9]], [[2, 1], [0, 4], [3, 1]]]
reward: 0.2979, epoch: 469, params: 2200787, epoch_time: 57.6389, genotype: [[8, [0, 0, 9, 8], [2, 3, 10, 10], [6, 6, 5, 0]], [[2, 0], [0, 3], [2, 0]]]
reward: 0.0758, epoch: 470, params: 2447443, epoch_time: 36.7136, genotype: [[10, [0, 0, 5, 5], [3, 1, 2, 8], [1, 0, 0, 8]], [[2, 0], [4, 0], [4, 0]]]
reward: 0.2652, epoch: 471, params: 2228179, epoch_time: 46.8126, genotype: [[0, [0, 0, 0, 5], [2, 0, 0, 10], [4, 6, 4, 4]], [[3, 3], [3, 3], [4, 1]]]
reward: 0.3146, epoch: 472, params: 2403539, epoch_time: 66.4372, genotype: [[10, [0, 0, 10, 0], [2, 2, 0, 6], [2, 0, 5, 4]], [[3, 0], [1, 1], [2, 1]]]
reward: 0.2754, epoch: 473, params: 2270675, epoch_time: 58.1050, genotype: [[8, [0, 0, 0, 0], [2, 1, 2, 5], [6, 5, 0, 0]], [[1, 1], [0, 3], [2, 0]]]
reward: 0.3007, epoch: 474, params: 2200787, epoch_time: 50.6535, genotype: [[10, [0, 0, 10, 6], [0, 3, 8, 8], [3, 0, 10, 0]], [[3, 0], [1, 1], [3, 2]]]
reward: 0.3500, epoch: 475, params: 2416595, epoch_time: 62.4922, genotype: [[1, [0, 0, 2, 8], [0, 3, 10, 1], [6, 6, 0, 9]], [[2, 0], [0, 0], [3, 0]]]
reward: 0.3376, epoch: 476, params: 2439251, epoch_time: 56.6783, genotype: [[0, [0, 0, 7, 6], [0, 3, 7, 10], [3, 2, 7, 5]], [[3, 0], [3, 3], [1, 0]]]
reward: 0.1867, epoch: 477, params: 2370003, epoch_time: 79.2190, genotype: [[5, [0, 0, 10, 9], [2, 1, 0, 5], [3, 4, 4, 9]], [[0, 1], [3, 1], [4, 5]]]
reward: 0.2991, epoch: 478, params: 2406995, epoch_time: 50.6500, genotype: [[6, [0, 0, 10, 6], [2, 1, 0, 0], [4, 4, 2, 9]], [[2, 1], [3, 1], [0, 2]]]
reward: 0.2837, epoch: 479, params: 2624851, epoch_time: 58.3926, genotype: [[0, [0, 0, 5, 6], [3, 1, 2, 0], [2, 0, 5, 9]], [[2, 2], [3, 0], [4, 0]]]
reward: 0.3244, epoch: 480, params: 2229587, epoch_time: 60.3156, genotype: [[8, [0, 0, 3, 7], [2, 0, 5, 10], [4, 3, 10, 0]], [[3, 1], [2, 1], [2, 0]]]
reward: 0.2970, epoch: 481, params: 2266579, epoch_time: 55.5216, genotype: [[8, [0, 0, 4, 0], [2, 2, 0, 7], [3, 0, 0, 5]], [[3, 3], [1, 1], [5, 5]]]
reward: 0.2753, epoch: 482, params: 2235731, epoch_time: 56.3605, genotype: [[0, [0, 0, 10, 0], [2, 3, 0, 7], [4, 0, 0, 5]], [[3, 2], [0, 1], [0, 3]]]
reward: 0.2255, epoch: 483, params: 2035795, epoch_time: 63.6186, genotype: [[2, [0, 0, 10, 3], [2, 2, 10, 2], [6, 1, 8, 2]], [[3, 0], [4, 2], [0, 3]]]
reward: 0.2360, epoch: 484, params: 2866003, epoch_time: 66.2114, genotype: [[5, [0, 0, 5, 8], [0, 0, 8, 2], [4, 0, 6, 6]], [[0, 3], [2, 3], [0, 4]]]
reward: 0.2419, epoch: 485, params: 2412499, epoch_time: 46.7268, genotype: [[5, [0, 0, 6, 7], [2, 1, 8, 10], [2, 0, 0, 10]], [[2, 2], [3, 1], [4, 1]]]
reward: 0.2143, epoch: 486, params: 2215891, epoch_time: 55.8999, genotype: [[10, [0, 0, 0, 8], [1, 1, 0, 6], [4, 0, 2, 10]], [[1, 1], [0, 3], [2, 4]]]
reward: 0.2697, epoch: 487, params: 2391251, epoch_time: 60.6948, genotype: [[10, [0, 0, 5, 9], [2, 0, 7, 8], [4, 4, 1, 9]], [[0, 0], [0, 1], [2, 1]]]
reward: 0.2475, epoch: 488, params: 2413139, epoch_time: 66.4060, genotype: [[5, [0, 0, 8, 4], [2, 2, 0, 9], [2, 1, 1, 10]], [[3, 1], [3, 0], [2, 2]]]
reward: 0.3409, epoch: 489, params: 2621395, epoch_time: 66.4712, genotype: [[6, [0, 0, 0, 0], [1, 0, 6, 0], [6, 0, 10, 6]], [[1, 0], [0, 4], [4, 0]]]
reward: 0.2540, epoch: 490, params: 2473427, epoch_time: 98.7761, genotype: [[8, [0, 0, 5, 5], [1, 0, 0, 8], [3, 0, 0, 4]], [[2, 0], [0, 0], [2, 1]]]
reward: 0.2882, epoch: 491, params: 2605651, epoch_time: 51.8064, genotype: [[3, [0, 0, 6, 6], [2, 3, 9, 10], [2, 0, 4, 6]], [[3, 1], [4, 1], [3, 2]]]
reward: 0.2570, epoch: 492, params: 2019283, epoch_time: 52.2374, genotype: [[0, [0, 0, 8, 0], [1, 3, 10, 10], [3, 0, 0, 2]], [[2, 2], [0, 0], [4, 4]]]
reward: 0.2091, epoch: 493, params: 1968595, epoch_time: 47.2434, genotype: [[9, [0, 0, 0, 10], [2, 3, 9, 7], [6, 0, 3, 10]], [[2, 1], [1, 4], [4, 1]]]
reward: 0.3099, epoch: 494, params: 2028883, epoch_time: 56.8975, genotype: [[0, [0, 0, 8, 8], [2, 1, 2, 0], [4, 6, 9, 10]], [[2, 1], [3, 0], [5, 2]]]
reward: 0.0758, epoch: 495, params: 2256979, epoch_time: 35.2098, genotype: [[8, [0, 0, 8, 8], [0, 3, 6, 0], [4, 5, 9, 0]], [[0, 1], [0, 4], [4, 4]]]
reward: 0.2645, epoch: 496, params: 2254931, epoch_time: 56.3539, genotype: [[0, [0, 0, 8, 10], [2, 2, 5, 0], [3, 6, 2, 8]], [[2, 3], [1, 1], [0, 1]]]
reward: 0.2577, epoch: 497, params: 2403539, epoch_time: 50.3318, genotype: [[6, [0, 0, 10, 9], [2, 3, 0, 0], [5, 1, 6, 0]], [[3, 3], [0, 2], [3, 3]]]
reward: 0.2897, epoch: 498, params: 2250835, epoch_time: 57.2955, genotype: [[0, [0, 0, 6, 0], [2, 0, 8, 8], [6, 6, 2, 10]], [[2, 0], [1, 1], [5, 1]]]
reward: 0.2672, epoch: 499, params: 2437843, epoch_time: 62.4514, genotype: [[10, [0, 0, 6, 1], [2, 3, 3, 0], [3, 1, 2, 0]], [[1, 3], [3, 1], [4, 0]]]
reward: 0.3300, epoch: 500, params: 2449491, epoch_time: 74.2051, genotype: [[8, [0, 0, 10, 5], [1, 0, 8, 0], [6, 0, 1, 8]], [[2, 0], [4, 0], [5, 0]]]
reward: 0.2713, epoch: 501, params: 2409043, epoch_time: 98.6159, genotype: [[5, [0, 0, 9, 9], [1, 2, 6, 8], [4, 0, 4, 0]], [[3, 0], [3, 0], [2, 5]]]
reward: 0.2798, epoch: 502, params: 2669395, epoch_time: 51.7367, genotype: [[7, [0, 0, 1, 3], [2, 3, 0, 6], [2, 5, 8, 6]], [[2, 3], [3, 1], [4, 2]]]
reward: 0.2131, epoch: 503, params: 2625491, epoch_time: 75.6852, genotype: [[1, [0, 0, 5, 10], [2, 1, 6, 0], [2, 1, 4, 0]], [[2, 3], [0, 0], [1, 3]]]
reward: 0.3117, epoch: 504, params: 2670035, epoch_time: 55.6643, genotype: [[8, [0, 0, 1, 8], [1, 3, 0, 0], [2, 3, 5, 6]], [[2, 0], [3, 1], [2, 2]]]
reward: 0.2466, epoch: 505, params: 2443987, epoch_time: 61.1879, genotype: [[10, [0, 0, 8, 0], [0, 3, 6, 0], [2, 0, 8, 6]], [[0, 1], [4, 0], [3, 3]]]
reward: 0.2472, epoch: 506, params: 2079571, epoch_time: 58.0664, genotype: [[0, [0, 0, 0, 8], [2, 1, 2, 0], [3, 0, 0, 8]], [[2, 0], [2, 1], [4, 2]]]
reward: 0.3414, epoch: 507, params: 2613203, epoch_time: 58.3126, genotype: [[8, [0, 0, 7, 5], [0, 2, 10, 5], [0, 0, 10, 6]], [[2, 0], [3, 1], [2, 0]]]
reward: 0.0758, epoch: 508, params: 2466643, epoch_time: 34.8780, genotype: [[8, [0, 0, 0, 2], [2, 0, 0, 5], [2, 0, 7, 6]], [[3, 0], [0, 4], [3, 4]]]
reward: 0.2690, epoch: 509, params: 2412499, epoch_time: 65.7280, genotype: [[6, [0, 0, 10, 5], [2, 2, 10, 2], [6, 0, 8, 0]], [[0, 0], [4, 2], [0, 4]]]
reward: 0.3164, epoch: 510, params: 2403539, epoch_time: 61.4895, genotype: [[6, [0, 0, 10, 0], [2, 3, 6, 0], [5, 0, 4, 10]], [[3, 0], [3, 3], [2, 3]]]
reward: 0.2706, epoch: 511, params: 2678995, epoch_time: 63.7866, genotype: [[8, [0, 0, 2, 6], [0, 2, 8, 5], [2, 4, 8, 6]], [[3, 1], [0, 3], [1, 5]]]
reward: 0.2965, epoch: 512, params: 2261075, epoch_time: 117.0387, genotype: [[4, [0, 0, 10, 5], [2, 2, 4, 8], [3, 2, 8, 8]], [[3, 0], [2, 3], [1, 0]]]
reward: 0.3378, epoch: 513, params: 2212435, epoch_time: 108.9728, genotype: [[10, [0, 0, 0, 10], [2, 2, 4, 8], [6, 2, 5, 0]], [[3, 0], [0, 3], [4, 0]]]
reward: 0.2142, epoch: 514, params: 2161747, epoch_time: 52.7384, genotype: [[10, [0, 0, 10, 10], [0, 1, 9, 8], [2, 2, 1, 0]], [[3, 3], [1, 0], [0, 5]]]
reward: 0.2971, epoch: 515, params: 2469331, epoch_time: 59.1512, genotype: [[0, [0, 0, 8, 0], [3, 3, 8, 5], [4, 0, 5, 0]], [[2, 0], [4, 1], [2, 2]]]
reward: 0.2489, epoch: 516, params: 2813907, epoch_time: 65.4541, genotype: [[0, [0, 0, 6, 6], [0, 3, 5, 10], [4, 2, 0, 5]], [[3, 0], [0, 1], [4, 5]]]
reward: 0.3533, epoch: 517, params: 2245331, epoch_time: 155.3703, genotype: [[2, [0, 0, 4, 0], [2, 1, 4, 8], [6, 1, 9, 1]], [[0, 1], [0, 3], [3, 0]]]
reward: 0.2500, epoch: 518, params: 2130899, epoch_time: 43.9614, genotype: [[10, [0, 0, 9, 6], [3, 3, 0, 9], [1, 0, 9, 10]], [[2, 3], [2, 1], [1, 3]]]
reward: 0.2370, epoch: 519, params: 2185043, epoch_time: 46.3720, genotype: [[4, [0, 0, 10, 0], [2, 1, 10, 5], [5, 2, 7, 10]], [[3, 2], [1, 1], [2, 3]]]
reward: 0.2621, epoch: 520, params: 2675539, epoch_time: 57.4217, genotype: [[8, [0, 0, 5, 0], [2, 2, 8, 5], [2, 1, 6, 8]], [[3, 1], [1, 0], [2, 4]]]
reward: 0.2284, epoch: 521, params: 2237779, epoch_time: 53.4622, genotype: [[10, [0, 0, 4, 0], [3, 1, 0, 4], [3, 0, 8, 5]], [[2, 1], [1, 4], [2, 2]]]
reward: 0.2691, epoch: 522, params: 2261075, epoch_time: 59.3293, genotype: [[8, [0, 0, 8, 8], [2, 1, 0, 9], [4, 1, 5, 0]], [[3, 1], [0, 3], [2, 0]]]
reward: 0.2559, epoch: 523, params: 2009683, epoch_time: 49.3483, genotype: [[0, [0, 0, 8, 8], [0, 0, 10, 9], [3, 0, 3, 10]], [[2, 3], [3, 0], [4, 4]]]
reward: 0.3029, epoch: 524, params: 2084435, epoch_time: 54.0517, genotype: [[2, [0, 0, 7, 2], [0, 2, 0, 0], [4, 0, 7, 8]], [[1, 0], [3, 1], [2, 1]]]
reward: 0.2538, epoch: 525, params: 1980883, epoch_time: 74.1865, genotype: [[4, [0, 0, 4, 0], [2, 1, 9, 10], [3, 2, 0, 9]], [[3, 1], [3, 2], [0, 5]]]
reward: 0.2519, epoch: 526, params: 2447443, epoch_time: 64.4542, genotype: [[10, [0, 0, 0, 8], [2, 1, 2, 6], [6, 0, 8, 1]], [[3, 0], [4, 1], [0, 1]]]
reward: 0.2912, epoch: 527, params: 2054227, epoch_time: 68.1308, genotype: [[0, [0, 0, 9, 0], [2, 3, 8, 4], [6, 0, 8, 2]], [[2, 1], [4, 3], [4, 0]]]
reward: 0.2562, epoch: 528, params: 2213843, epoch_time: 48.7225, genotype: [[0, [0, 0, 0, 6], [0, 1, 2, 9], [2, 2, 9, 7]], [[3, 2], [3, 3], [3, 0]]]
reward: 0.2347, epoch: 529, params: 2196691, epoch_time: 51.4019, genotype: [[10, [0, 0, 8, 1], [2, 1, 8, 9], [4, 6, 0, 10]], [[1, 1], [0, 3], [4, 3]]]
reward: 0.4100, epoch: 530, params: 2409043, epoch_time: 113.9849, genotype: [[9, [0, 0, 5, 4], [2, 1, 5, 3], [2, 0, 10, 0]], [[1, 0], [0, 3], [4, 0]]]
reward: 0.2947, epoch: 531, params: 2395347, epoch_time: 56.4154, genotype: [[10, [0, 0, 0, 5], [0, 2, 0, 0], [6, 6, 6, 10]], [[0, 0], [1, 1], [5, 4]]]
reward: 0.2768, epoch: 532, params: 2254931, epoch_time: 62.9139, genotype: [[0, [0, 0, 0, 9], [2, 2, 8, 5], [4, 1, 2, 8]], [[0, 1], [2, 0], [0, 1]]]
reward: 0.3601, epoch: 533, params: 2165843, epoch_time: 52.2962, genotype: [[8, [0, 0, 10, 10], [0, 2, 5, 9], [3, 0, 0, 10]], [[3, 0], [3, 0], [2, 1]]]
reward: 0.2907, epoch: 534, params: 2625491, epoch_time: 65.9691, genotype: [[0, [0, 0, 5, 6], [2, 3, 4, 10], [5, 5, 6, 0]], [[3, 2], [1, 3], [0, 1]]]
reward: 0.2822, epoch: 535, params: 2219347, epoch_time: 46.4581, genotype: [[10, [0, 0, 8, 2], [0, 3, 9, 0], [2, 0, 6, 7]], [[2, 1], [3, 4], [2, 1]]]
reward: 0.2417, epoch: 536, params: 2215891, epoch_time: 52.9427, genotype: [[2, [0, 0, 4, 5], [0, 2, 8, 0], [4, 0, 9, 10]], [[1, 1], [1, 1], [1, 5]]]
reward: 0.3352, epoch: 537, params: 2241875, epoch_time: 82.1755, genotype: [[0, [0, 0, 0, 8], [1, 1, 5, 4], [3, 1, 10, 0]], [[3, 1], [0, 2], [0, 1]]]
reward: 0.2647, epoch: 538, params: 2570707, epoch_time: 52.6836, genotype: [[0, [0, 0, 9, 9], [2, 3, 6, 9], [2, 0, 1, 6]], [[2, 0], [3, 3], [4, 1]]]
reward: 0.2858, epoch: 539, params: 2409043, epoch_time: 60.8313, genotype: [[5, [0, 0, 10, 8], [0, 1, 1, 0], [3, 1, 0, 10]], [[0, 1], [2, 0], [1, 5]]]
reward: 0.3364, epoch: 540, params: 2052179, epoch_time: 50.9272, genotype: [[8, [0, 0, 0, 0], [2, 2, 7, 7], [1, 1, 0, 9]], [[2, 0], [1, 1], [3, 3]]]
reward: 0.2622, epoch: 541, params: 2018643, epoch_time: 48.5256, genotype: [[10, [0, 0, 7, 0], [3, 1, 7, 4], [4, 0, 9, 3]], [[3, 2], [4, 1], [5, 2]]]
reward: 0.1885, epoch: 542, params: 2821459, epoch_time: 58.2927, genotype: [[2, [0, 0, 9, 6], [1, 1, 0, 6], [2, 4, 6, 5]], [[0, 0], [3, 2], [0, 5]]]
reward: 0.2933, epoch: 543, params: 2630995, epoch_time: 56.3293, genotype: [[6, [0, 0, 0, 0], [2, 1, 5, 1], [3, 0, 8, 10]], [[2, 0], [2, 4], [3, 3]]]
reward: 0.3027, epoch: 544, params: 2204243, epoch_time: 51.5982, genotype: [[7, [0, 0, 10, 9], [3, 0, 5, 8], [2, 1, 8, 9]], [[2, 0], [1, 2], [2, 1]]]
reward: 0.2171, epoch: 545, params: 2173395, epoch_time: 51.6615, genotype: [[10, [0, 0, 0, 9], [3, 0, 0, 10], [3, 1, 0, 1]], [[3, 1], [1, 0], [5, 4]]]
reward: 0.1849, epoch: 546, params: 2151507, epoch_time: 74.5465, genotype: [[7, [0, 0, 4, 10], [1, 0, 10, 1], [4, 5, 9, 9]], [[2, 2], [4, 0], [5, 4]]]
reward: 0.2691, epoch: 547, params: 2404947, epoch_time: 57.9957, genotype: [[0, [0, 0, 10, 6], [0, 0, 0, 6], [4, 1, 9, 3]], [[2, 0], [4, 3], [2, 5]]]
reward: 0.2069, epoch: 548, params: 2206931, epoch_time: 62.4134, genotype: [[4, [0, 0, 0, 0], [2, 3, 6, 0], [4, 0, 10, 10]], [[3, 3], [3, 0], [2, 1]]]
reward: 0.3351, epoch: 549, params: 2215891, epoch_time: 62.7319, genotype: [[10, [0, 0, 5, 8], [3, 2, 0, 10], [4, 0, 4, 2]], [[2, 3], [1, 0], [4, 3]]]
reward: 0.2781, epoch: 550, params: 2443987, epoch_time: 63.4180, genotype: [[5, [0, 0, 6, 9], [2, 2, 4, 8], [6, 2, 8, 0]], [[2, 0], [3, 3], [5, 3]]]
reward: 0.3109, epoch: 551, params: 2488531, epoch_time: 66.4781, genotype: [[8, [0, 0, 1, 0], [0, 1, 6, 8], [4, 1, 8, 8]], [[3, 0], [4, 4], [1, 1]]]
reward: 0.3125, epoch: 552, params: 2245331, epoch_time: 50.8359, genotype: [[0, [0, 0, 8, 10], [2, 0, 1, 0], [6, 1, 7, 0]], [[3, 0], [2, 1], [3, 2]]]
reward: 0.0758, epoch: 553, params: 2676947, epoch_time: 34.3121, genotype: [[8, [0, 0, 1, 3], [3, 1, 6, 2], [4, 0, 6, 7]], [[2, 0], [0, 3], [1, 0]]]
reward: 0.2885, epoch: 554, params: 2659155, epoch_time: 61.6650, genotype: [[5, [0, 0, 5, 8], [0, 0, 7, 0], [3, 1, 2, 6]], [[3, 1], [0, 4], [4, 5]]]
reward: 0.2634, epoch: 555, params: 2796755, epoch_time: 54.6051, genotype: [[10, [0, 0, 1, 5], [3, 1, 5, 6], [4, 2, 10, 0]], [[1, 3], [1, 2], [0, 0]]]
reward: 0.2618, epoch: 556, params: 2215891, epoch_time: 59.1803, genotype: [[0, [0, 0, 10, 1], [2, 0, 9, 0], [2, 0, 7, 8]], [[0, 0], [0, 4], [1, 1]]]
reward: 0.2869, epoch: 557, params: 2054867, epoch_time: 48.9900, genotype: [[0, [0, 0, 8, 8], [2, 0, 0, 4], [4, 0, 0, 9]], [[1, 3], [1, 1], [3, 3]]]
reward: 0.1722, epoch: 558, params: 2599507, epoch_time: 82.1395, genotype: [[9, [0, 0, 6, 7], [3, 2, 4, 5], [4, 0, 5, 9]], [[2, 0], [2, 1], [5, 0]]]
reward: 0.3039, epoch: 559, params: 2225491, epoch_time: 64.8324, genotype: [[10, [0, 0, 9, 5], [0, 0, 8, 8], [2, 3, 2, 0]], [[1, 0], [3, 4], [4, 4]]]
reward: 0.2699, epoch: 560, params: 2621395, epoch_time: 102.3926, genotype: [[9, [0, 0, 0, 1], [0, 2, 1, 0], [4, 0, 5, 4]], [[0, 3], [0, 1], [2, 5]]]
reward: 0.3842, epoch: 561, params: 2083667, epoch_time: 59.1024, genotype: [[7, [0, 0, 8, 3], [3, 0, 0, 0], [2, 4, 0, 0]], [[3, 0], [1, 1], [1, 0]]]
reward: 0.1991, epoch: 562, params: 2247379, epoch_time: 46.6187, genotype: [[0, [0, 0, 8, 0], [2, 1, 5, 9], [3, 2, 8, 0]], [[3, 2], [3, 3], [4, 3]]]
reward: 0.2576, epoch: 563, params: 2428243, epoch_time: 56.7918, genotype: [[6, [0, 0, 0, 0], [2, 3, 0, 5], [6, 0, 7, 10]], [[1, 2], [2, 0], [5, 1]]]
reward: 0.2373, epoch: 564, params: 2492627, epoch_time: 59.4462, genotype: [[8, [0, 0, 8, 5], [0, 3, 0, 8], [3, 0, 5, 8]], [[3, 3], [1, 2], [0, 0]]]
reward: 0.2874, epoch: 565, params: 2221395, epoch_time: 47.2605, genotype: [[10, [0, 0, 9, 8], [0, 0, 7, 8], [1, 0, 1, 0]], [[2, 1], [2, 4], [3, 5]]]
reward: 0.2571, epoch: 566, params: 2428243, epoch_time: 47.1436, genotype: [[2, [0, 0, 9, 0], [2, 2, 0, 0], [3, 0, 5, 5]], [[1, 2], [3, 1], [2, 5]]]
reward: 0.2852, epoch: 567, params: 2462547, epoch_time: 57.5640, genotype: [[0, [0, 0, 8, 2], [2, 2, 2, 5], [2, 0, 0, 6]], [[2, 0], [2, 3], [4, 5]]]
reward: 0.2135, epoch: 568, params: 2591955, epoch_time: 45.1660, genotype: [[0, [0, 0, 10, 5], [2, 0, 6, 0], [5, 0, 5, 10]], [[2, 3], [2, 4], [3, 5]]]
reward: 0.3397, epoch: 569, params: 2028883, epoch_time: 57.3793, genotype: [[2, [0, 0, 10, 0], [0, 2, 9, 8], [3, 1, 8, 0]], [[0, 0], [3, 1], [2, 4]]]
reward: 0.3207, epoch: 570, params: 2409043, epoch_time: 56.4183, genotype: [[8, [0, 0, 0, 6], [1, 3, 0, 5], [6, 2, 10, 9]], [[3, 0], [2, 3], [4, 0]]]
reward: 0.2102, epoch: 571, params: 2270035, epoch_time: 57.9704, genotype: [[2, [0, 0, 0, 8], [2, 1, 7, 6], [1, 0, 0, 0]], [[0, 2], [2, 1], [4, 1]]]
reward: 0.2804, epoch: 572, params: 2387795, epoch_time: 54.9019, genotype: [[10, [0, 0, 8, 0], [2, 1, 1, 10], [1, 0, 5, 10]], [[2, 1], [3, 0], [0, 3]]]
reward: 0.2640, epoch: 573, params: 2796115, epoch_time: 54.7607, genotype: [[6, [0, 0, 6, 10], [1, 3, 1, 6], [5, 3, 2, 10]], [[2, 0], [4, 3], [2, 3]]]
reward: 0.3318, epoch: 574, params: 2165203, epoch_time: 54.9045, genotype: [[9, [0, 0, 8, 7], [0, 1, 9, 6], [6, 2, 10, 9]], [[2, 0], [4, 1], [2, 0]]]
reward: 0.3199, epoch: 575, params: 2285779, epoch_time: 76.1256, genotype: [[7, [0, 0, 8, 5], [0, 1, 8, 4], [5, 0, 0, 8]], [[3, 2], [4, 4], [0, 0]]]
reward: 0.1945, epoch: 576, params: 2630995, epoch_time: 59.4131, genotype: [[5, [0, 0, 0, 6], [2, 3, 6, 10], [2, 1, 0, 8]], [[2, 0], [2, 1], [4, 3]]]
reward: 0.2950, epoch: 577, params: 2051539, epoch_time: 47.8396, genotype: [[7, [0, 0, 0, 0], [0, 0, 7, 2], [3, 0, 10, 8]], [[2, 2], [4, 1], [2, 3]]]
reward: 0.3200, epoch: 578, params: 2243283, epoch_time: 54.3505, genotype: [[10, [0, 0, 1, 0], [2, 2, 0, 8], [1, 5, 8, 0]], [[3, 1], [4, 1], [5, 0]]]
reward: 0.2127, epoch: 579, params: 2818003, epoch_time: 105.7870, genotype: [[5, [0, 0, 6, 0], [0, 0, 5, 5], [1, 0, 10, 4]], [[2, 0], [0, 3], [2, 5]]]
reward: 0.2508, epoch: 580, params: 2412499, epoch_time: 51.7896, genotype: [[2, [0, 0, 10, 8], [2, 1, 5, 6], [3, 0, 0, 10]], [[1, 1], [4, 3], [2, 0]]]
reward: 0.2761, epoch: 581, params: 2467283, epoch_time: 53.6586, genotype: [[0, [0, 0, 8, 0], [1, 2, 5, 0], [3, 1, 2, 1]], [[2, 2], [3, 1], [0, 1]]]
reward: 0.2783, epoch: 582, params: 2644691, epoch_time: 56.9794, genotype: [[10, [0, 0, 8, 6], [1, 0, 5, 8], [5, 2, 5, 0]], [[1, 1], [2, 2], [0, 0]]]
reward: 0.1890, epoch: 583, params: 2122707, epoch_time: 47.3806, genotype: [[0, [0, 0, 10, 10], [2, 1, 10, 9], [5, 1, 6, 10]], [[2, 1], [4, 3], [0, 5]]]
reward: 0.2144, epoch: 584, params: 2441299, epoch_time: 58.9500, genotype: [[7, [0, 0, 5, 9], [2, 3, 5, 3], [4, 1, 0, 2]], [[2, 0], [1, 1], [3, 4]]]
reward: 0.2217, epoch: 585, params: 2180947, epoch_time: 54.4697, genotype: [[5, [0, 0, 0, 0], [0, 1, 9, 10], [1, 0, 10, 2]], [[0, 0], [1, 4], [2, 1]]]
reward: 0.1959, epoch: 586, params: 2413139, epoch_time: 50.0818, genotype: [[0, [0, 0, 10, 10], [3, 3, 5, 8], [4, 5, 6, 0]], [[2, 2], [3, 0], [2, 3]]]
reward: 0.3477, epoch: 587, params: 2191187, epoch_time: 52.1657, genotype: [[1, [0, 0, 0, 10], [3, 0, 0, 10], [4, 0, 8, 9]], [[1, 0], [3, 0], [3, 3]]]
reward: 0.2596, epoch: 588, params: 2124115, epoch_time: 64.7903, genotype: [[8, [0, 0, 8, 8], [0, 1, 8, 8], [2, 2, 8, 8]], [[2, 0], [3, 1], [4, 3]]]
reward: 0.2824, epoch: 589, params: 2424787, epoch_time: 46.3167, genotype: [[5, [0, 0, 0, 0], [0, 0, 0, 0], [1, 5, 9, 6]], [[3, 1], [4, 4], [4, 1]]]
reward: 0.2805, epoch: 590, params: 2038483, epoch_time: 103.3071, genotype: [[7, [0, 0, 8, 10], [2, 0, 4, 8], [2, 5, 9, 8]], [[0, 1], [3, 0], [5, 2]]]
reward: 0.2389, epoch: 591, params: 2209747, epoch_time: 136.1046, genotype: [[9, [0, 0, 4, 4], [2, 0, 10, 6], [2, 0, 7, 2]], [[2, 0], [4, 4], [1, 1]]]
reward: 0.2317, epoch: 592, params: 2261075, epoch_time: 64.3764, genotype: [[0, [0, 0, 0, 0], [0, 0, 4, 5], [4, 6, 0, 7]], [[2, 2], [3, 3], [0, 2]]]
reward: 0.2863, epoch: 593, params: 2267219, epoch_time: 54.5049, genotype: [[0, [0, 0, 0, 0], [2, 0, 0, 8], [1, 2, 5, 0]], [[2, 1], [1, 1], [2, 0]]]
reward: 0.3073, epoch: 594, params: 2173395, epoch_time: 76.1130, genotype: [[4, [0, 0, 10, 5], [2, 3, 9, 9], [0, 0, 0, 0]], [[0, 2], [2, 3], [4, 5]]]
reward: 0.2375, epoch: 595, params: 2225491, epoch_time: 59.3538, genotype: [[8, [0, 0, 2, 8], [3, 3, 6, 10], [3, 6, 0, 9]], [[2, 0], [3, 3], [0, 4]]]
reward: 0.0758, epoch: 596, params: 2450899, epoch_time: 37.0141, genotype: [[8, [0, 0, 9, 7], [2, 2, 6, 8], [2, 1, 1, 2]], [[2, 0], [0, 4], [4, 0]]]
reward: 0.3173, epoch: 597, params: 2402899, epoch_time: 60.2383, genotype: [[10, [0, 0, 0, 9], [1, 3, 6, 0], [4, 0, 6, 2]], [[0, 3], [0, 1], [5, 3]]]
reward: 0.2133, epoch: 598, params: 1990483, epoch_time: 77.7821, genotype: [[0, [0, 0, 9, 4], [0, 3, 8, 10], [3, 5, 10, 0]], [[2, 3], [0, 1], [0, 4]]]
reward: 0.3103, epoch: 599, params: 2634451, epoch_time: 63.1436, genotype: [[7, [0, 0, 8, 0], [2, 0, 5, 5], [4, 2, 6, 10]], [[1, 0], [4, 1], [2, 1]]]
reward: 0.2886, epoch: 600, params: 2013779, epoch_time: 48.7833, genotype: [[0, [0, 0, 7, 4], [0, 1, 10, 0], [3, 5, 0, 10]], [[2, 1], [1, 3], [3, 3]]]
reward: 0.2477, epoch: 601, params: 2443987, epoch_time: 70.3772, genotype: [[1, [0, 0, 8, 6], [2, 1, 10, 0], [2, 0, 3, 4]], [[2, 0], [3, 1], [5, 3]]]
reward: 0.3036, epoch: 602, params: 2443987, epoch_time: 52.6209, genotype: [[5, [0, 0, 5, 0], [2, 3, 9, 8], [4, 1, 0, 8]], [[3, 3], [0, 1], [4, 3]]]
reward: 0.2367, epoch: 603, params: 2208339, epoch_time: 48.9376, genotype: [[0, [0, 0, 5, 0], [2, 3, 8, 0], [4, 4, 10, 10]], [[1, 3], [2, 4], [4, 5]]]
reward: 0.3453, epoch: 604, params: 2852947, epoch_time: 48.6465, genotype: [[6, [0, 0, 6, 8], [2, 1, 0, 0], [1, 1, 5, 1]], [[2, 3], [1, 4], [2, 4]]]
reward: 0.2233, epoch: 605, params: 2486483, epoch_time: 56.6929, genotype: [[2, [0, 0, 8, 6], [0, 3, 0, 6], [1, 0, 8, 8]], [[2, 0], [3, 1], [2, 3]]]
reward: 0.3445, epoch: 606, params: 2060371, epoch_time: 118.6006, genotype: [[10, [0, 0, 0, 0], [2, 3, 8, 8], [0, 2, 4, 3]], [[1, 0], [0, 4], [2, 0]]]
reward: 0.3635, epoch: 607, params: 2413139, epoch_time: 56.9757, genotype: [[0, [0, 0, 8, 0], [0, 1, 5, 1], [3, 0, 10, 9]], [[0, 3], [0, 3], [2, 2]]]
reward: 0.2939, epoch: 608, params: 2241235, epoch_time: 54.0422, genotype: [[9, [0, 0, 6, 0], [2, 2, 0, 0], [4, 6, 2, 8]], [[2, 1], [2, 4], [2, 0]]]
reward: 0.2819, epoch: 609, params: 2175443, epoch_time: 50.2477, genotype: [[9, [0, 0, 8, 8], [2, 1, 10, 6], [2, 1, 9, 9]], [[1, 0], [3, 2], [2, 3]]]
